{"/home/travis/build/npmtest/node-npmtest-nooocl/test.js":{"path":"/home/travis/build/npmtest/node-npmtest-nooocl/test.js","s":{"1":2,"2":2,"3":2,"4":2,"5":2,"6":2,"7":2,"8":1,"9":2,"10":2,"11":1,"12":1,"13":1,"14":1,"15":2,"16":2,"17":2,"18":2,"19":1,"20":1,"21":2,"22":2,"23":2,"24":1,"25":1,"26":1,"27":1,"28":1,"29":1,"30":1,"31":1,"32":1,"33":1,"34":1,"35":1,"36":1,"37":1,"38":1,"39":2,"40":2,"41":1,"42":2,"43":2,"44":1,"45":2,"46":2,"47":1,"48":2,"49":2,"50":1,"51":1,"52":1,"53":1,"54":1},"b":{"1":[2,1,1,1],"2":[1,1,1,1],"3":[1,1],"4":[1,1],"5":[1,1],"6":[1,1],"7":[1,1],"8":[1,1],"9":[1,1],"10":[1,1,1],"11":[1,1],"12":[1,1],"13":[1,1],"14":[1,1],"15":[1,1],"16":[1,1],"17":[1,1]},"f":{"1":2,"2":2,"3":2,"4":2,"5":2,"6":1,"7":1,"8":1,"9":2,"10":2,"11":2,"12":2,"13":1},"fnMap":{"1":{"name":"(anonymous_1)","line":12,"loc":{"start":{"line":12,"column":1},"end":{"line":12,"column":13}}},"2":{"name":"(anonymous_2)","line":19,"loc":{"start":{"line":19,"column":5},"end":{"line":19,"column":17}}},"3":{"name":"(anonymous_3)","line":23,"loc":{"start":{"line":23,"column":24},"end":{"line":23,"column":36}}},"4":{"name":"(anonymous_4)","line":61,"loc":{"start":{"line":61,"column":5},"end":{"line":61,"column":17}}},"5":{"name":"(anonymous_5)","line":82,"loc":{"start":{"line":82,"column":5},"end":{"line":82,"column":17}}},"6":{"name":"(anonymous_6)","line":91,"loc":{"start":{"line":91,"column":77},"end":{"line":94,"column":10}}},"7":{"name":"(anonymous_7)","line":112,"loc":{"start":{"line":112,"column":83},"end":{"line":115,"column":10}},"skip":true},"8":{"name":"(anonymous_8)","line":123,"loc":{"start":{"line":123,"column":77},"end":{"line":126,"column":10}},"skip":true},"9":{"name":"(anonymous_9)","line":139,"loc":{"start":{"line":139,"column":12},"end":{"line":139,"column":40}},"skip":true},"10":{"name":"(anonymous_10)","line":147,"loc":{"start":{"line":147,"column":77},"end":{"line":150,"column":10}},"skip":true},"11":{"name":"(anonymous_11)","line":158,"loc":{"start":{"line":158,"column":83},"end":{"line":161,"column":10}},"skip":true},"12":{"name":"(anonymous_12)","line":169,"loc":{"start":{"line":169,"column":79},"end":{"line":172,"column":10}},"skip":true},"13":{"name":"(anonymous_13)","line":180,"loc":{"start":{"line":180,"column":75},"end":{"line":183,"column":10}},"skip":true}},"statementMap":{"1":{"start":{"line":12,"column":0},"end":{"line":195,"column":5}},"2":{"start":{"line":14,"column":4},"end":{"line":14,"column":14}},"3":{"start":{"line":19,"column":4},"end":{"line":56,"column":9}},"4":{"start":{"line":21,"column":8},"end":{"line":21,"column":19}},"5":{"start":{"line":23,"column":8},"end":{"line":35,"column":13}},"6":{"start":{"line":24,"column":12},"end":{"line":34,"column":13}},"7":{"start":{"line":25,"column":16},"end":{"line":28,"column":30}},"8":{"start":{"line":30,"column":16},"end":{"line":33,"column":27}},"9":{"start":{"line":37,"column":8},"end":{"line":39,"column":21}},"10":{"start":{"line":40,"column":8},"end":{"line":53,"column":9}},"11":{"start":{"line":43,"column":12},"end":{"line":46,"column":14}},"12":{"start":{"line":47,"column":12},"end":{"line":47,"column":18}},"13":{"start":{"line":50,"column":12},"end":{"line":51,"column":33}},"14":{"start":{"line":52,"column":12},"end":{"line":52,"column":18}},"15":{"start":{"line":55,"column":8},"end":{"line":55,"column":35}},"16":{"start":{"line":61,"column":4},"end":{"line":63,"column":9}},"17":{"start":{"line":62,"column":8},"end":{"line":62,"column":15}},"18":{"start":{"line":64,"column":4},"end":{"line":77,"column":5}},"19":{"start":{"line":70,"column":8},"end":{"line":70,"column":14}},"20":{"start":{"line":76,"column":8},"end":{"line":76,"column":14}},"21":{"start":{"line":82,"column":4},"end":{"line":84,"column":9}},"22":{"start":{"line":83,"column":8},"end":{"line":83,"column":15}},"23":{"start":{"line":85,"column":4},"end":{"line":194,"column":5}},"24":{"start":{"line":91,"column":8},"end":{"line":99,"column":10}},"25":{"start":{"line":98,"column":12},"end":{"line":98,"column":35}},"26":{"start":{"line":102,"column":8},"end":{"line":104,"column":63}},"27":{"start":{"line":105,"column":8},"end":{"line":105,"column":14}},"28":{"start":{"line":112,"column":8},"end":{"line":121,"column":10},"skip":true},"29":{"start":{"line":119,"column":12},"end":{"line":119,"column":55},"skip":true},"30":{"start":{"line":120,"column":12},"end":{"line":120,"column":48},"skip":true},"31":{"start":{"line":123,"column":8},"end":{"line":136,"column":10},"skip":true},"32":{"start":{"line":130,"column":12},"end":{"line":130,"column":76},"skip":true},"33":{"start":{"line":131,"column":12},"end":{"line":131,"column":73},"skip":true},"34":{"start":{"line":132,"column":12},"end":{"line":132,"column":74},"skip":true},"35":{"start":{"line":133,"column":12},"end":{"line":133,"column":79},"skip":true},"36":{"start":{"line":134,"column":12},"end":{"line":134,"column":25},"skip":true},"37":{"start":{"line":135,"column":12},"end":{"line":135,"column":45},"skip":true},"38":{"start":{"line":138,"column":8},"end":{"line":145,"column":14},"skip":true},"39":{"start":{"line":143,"column":16},"end":{"line":143,"column":29},"skip":true},"40":{"start":{"line":144,"column":16},"end":{"line":144,"column":55},"skip":true},"41":{"start":{"line":147,"column":8},"end":{"line":156,"column":10},"skip":true},"42":{"start":{"line":154,"column":12},"end":{"line":154,"column":25},"skip":true},"43":{"start":{"line":155,"column":12},"end":{"line":155,"column":45},"skip":true},"44":{"start":{"line":158,"column":8},"end":{"line":167,"column":10},"skip":true},"45":{"start":{"line":165,"column":12},"end":{"line":165,"column":25},"skip":true},"46":{"start":{"line":166,"column":12},"end":{"line":166,"column":48},"skip":true},"47":{"start":{"line":169,"column":8},"end":{"line":178,"column":10},"skip":true},"48":{"start":{"line":176,"column":12},"end":{"line":176,"column":25},"skip":true},"49":{"start":{"line":177,"column":12},"end":{"line":177,"column":46},"skip":true},"50":{"start":{"line":180,"column":8},"end":{"line":189,"column":10},"skip":true},"51":{"start":{"line":187,"column":12},"end":{"line":187,"column":94},"skip":true},"52":{"start":{"line":188,"column":12},"end":{"line":188,"column":48},"skip":true},"53":{"start":{"line":192,"column":8},"end":{"line":192,"column":35},"skip":true},"54":{"start":{"line":193,"column":8},"end":{"line":193,"column":14},"skip":true}},"branchMap":{"1":{"line":25,"type":"binary-expr","locations":[{"start":{"line":25,"column":23},"end":{"line":25,"column":62}},{"start":{"line":26,"column":20},"end":{"line":26,"column":70}},{"start":{"line":27,"column":20},"end":{"line":27,"column":71}},{"start":{"line":28,"column":20},"end":{"line":28,"column":29}}]},"2":{"line":30,"type":"binary-expr","locations":[{"start":{"line":30,"column":23},"end":{"line":30,"column":37}},{"start":{"line":31,"column":20},"end":{"line":31,"column":61}},{"start":{"line":32,"column":20},"end":{"line":32,"column":70}},{"start":{"line":33,"column":20},"end":{"line":33,"column":26}}]},"3":{"line":37,"type":"cond-expr","locations":[{"start":{"line":38,"column":14},"end":{"line":38,"column":20}},{"start":{"line":39,"column":14},"end":{"line":39,"column":20}}]},"4":{"line":40,"type":"switch","locations":[{"start":{"line":42,"column":8},"end":{"line":47,"column":18}},{"start":{"line":49,"column":8},"end":{"line":52,"column":18}}]},"5":{"line":44,"type":"binary-expr","locations":[{"start":{"line":44,"column":16},"end":{"line":44,"column":44}},{"start":{"line":44,"column":48},"end":{"line":44,"column":66}}]},"6":{"line":50,"type":"binary-expr","locations":[{"start":{"line":50,"column":21},"end":{"line":50,"column":49}},{"start":{"line":50,"column":53},"end":{"line":50,"column":72}}]},"7":{"line":64,"type":"switch","locations":[{"start":{"line":69,"column":4},"end":{"line":70,"column":14}},{"start":{"line":75,"column":4},"end":{"line":76,"column":14}}]},"8":{"line":85,"type":"switch","locations":[{"start":{"line":90,"column":4},"end":{"line":105,"column":14}},{"start":{"line":111,"column":4},"end":{"line":193,"column":14},"skip":true}]},"9":{"line":91,"type":"binary-expr","locations":[{"start":{"line":91,"column":42},"end":{"line":91,"column":73}},{"start":{"line":91,"column":77},"end":{"line":99,"column":9}}]},"10":{"line":102,"type":"binary-expr","locations":[{"start":{"line":102,"column":18},"end":{"line":102,"column":32}},{"start":{"line":103,"column":12},"end":{"line":103,"column":53}},{"start":{"line":104,"column":12},"end":{"line":104,"column":61}}]},"11":{"line":112,"type":"binary-expr","locations":[{"start":{"line":112,"column":45},"end":{"line":112,"column":79},"skip":true},{"start":{"line":112,"column":83},"end":{"line":121,"column":9},"skip":true}]},"12":{"line":123,"type":"binary-expr","locations":[{"start":{"line":123,"column":42},"end":{"line":123,"column":73},"skip":true},{"start":{"line":123,"column":77},"end":{"line":136,"column":9},"skip":true}]},"13":{"line":138,"type":"binary-expr","locations":[{"start":{"line":138,"column":48},"end":{"line":138,"column":85},"skip":true},{"start":{"line":139,"column":12},"end":{"line":145,"column":13},"skip":true}]},"14":{"line":147,"type":"binary-expr","locations":[{"start":{"line":147,"column":42},"end":{"line":147,"column":73},"skip":true},{"start":{"line":147,"column":77},"end":{"line":156,"column":9},"skip":true}]},"15":{"line":158,"type":"binary-expr","locations":[{"start":{"line":158,"column":45},"end":{"line":158,"column":79},"skip":true},{"start":{"line":158,"column":83},"end":{"line":167,"column":9},"skip":true}]},"16":{"line":169,"type":"binary-expr","locations":[{"start":{"line":169,"column":43},"end":{"line":169,"column":75},"skip":true},{"start":{"line":169,"column":79},"end":{"line":178,"column":9},"skip":true}]},"17":{"line":180,"type":"binary-expr","locations":[{"start":{"line":180,"column":41},"end":{"line":180,"column":71},"skip":true},{"start":{"line":180,"column":75},"end":{"line":189,"column":9},"skip":true}]}},"code":["/* istanbul instrument in package npmtest_nooocl */","/*jslint","    bitwise: true,","    browser: true,","    maxerr: 8,","    maxlen: 96,","    node: true,","    nomen: true,","    regexp: true,","    stupid: true","*/","(function () {","    'use strict';","    var local;","","","","    // run shared js-env code - pre-init","    (function () {","        // init local","        local = {};","        // init modeJs","        local.modeJs = (function () {","            try {","                return typeof navigator.userAgent === 'string' &&","                    typeof document.querySelector('body') === 'object' &&","                    typeof XMLHttpRequest.prototype.open === 'function' &&","                    'browser';","            } catch (errorCaughtBrowser) {","                return module.exports &&","                    typeof process.versions.node === 'string' &&","                    typeof require('http').createServer === 'function' &&","                    'node';","            }","        }());","        // init global","        local.global = local.modeJs === 'browser'","            ? window","            : global;","        switch (local.modeJs) {","        // re-init local from window.local","        case 'browser':","            local = local.global.utility2.objectSetDefault(","                local.global.utility2_rollup || local.global.local,","                local.global.utility2","            );","            break;","        // re-init local from example.js","        case 'node':","            local = (local.global.utility2_rollup || require('utility2'))","                .requireReadme();","            break;","        }","        // export local","        local.global.local = local;","    }());","","","","    // run shared js-env code - function","    (function () {","        return;","    }());","    switch (local.modeJs) {","","","","    // run browser js-env code - function","    case 'browser':","        break;","","","","    // run node js-env code - function","    case 'node':","        break;","    }","","","","    // run shared js-env code - post-init","    (function () {","        return;","    }());","    switch (local.modeJs) {","","","","    // run browser js-env code - post-init","    case 'browser':","        local.testCase_browser_nullCase = local.testCase_browser_nullCase || function (","            options,","            onError","        ) {","        /*","         * this function will test browsers's null-case handling-behavior-behavior","         */","            onError(null, options);","        };","","        // run tests","        local.nop(local.modeTest &&","            document.querySelector('#testRunButton1') &&","            document.querySelector('#testRunButton1').click());","        break;","","","","    // run node js-env code - post-init","    /* istanbul ignore next */","    case 'node':","        local.testCase_buildApidoc_default = local.testCase_buildApidoc_default || function (","            options,","            onError","        ) {","        /*","         * this function will test buildApidoc's default handling-behavior-behavior","         */","            options = { modulePathList: module.paths };","            local.buildApidoc(options, onError);","        };","","        local.testCase_buildApp_default = local.testCase_buildApp_default || function (","            options,","            onError","        ) {","        /*","         * this function will test buildApp's default handling-behavior-behavior","         */","            local.testCase_buildReadme_default(options, local.onErrorThrow);","            local.testCase_buildLib_default(options, local.onErrorThrow);","            local.testCase_buildTest_default(options, local.onErrorThrow);","            local.testCase_buildCustomOrg_default(options, local.onErrorThrow);","            options = [];","            local.buildApp(options, onError);","        };","","        local.testCase_buildCustomOrg_default = local.testCase_buildCustomOrg_default ||","            function (options, onError) {","            /*","             * this function will test buildCustomOrg's default handling-behavior","             */","                options = {};","                local.buildCustomOrg(options, onError);","            };","","        local.testCase_buildLib_default = local.testCase_buildLib_default || function (","            options,","            onError","        ) {","        /*","         * this function will test buildLib's default handling-behavior","         */","            options = {};","            local.buildLib(options, onError);","        };","","        local.testCase_buildReadme_default = local.testCase_buildReadme_default || function (","            options,","            onError","        ) {","        /*","         * this function will test buildReadme's default handling-behavior-behavior","         */","            options = {};","            local.buildReadme(options, onError);","        };","","        local.testCase_buildTest_default = local.testCase_buildTest_default || function (","            options,","            onError","        ) {","        /*","         * this function will test buildTest's default handling-behavior","         */","            options = {};","            local.buildTest(options, onError);","        };","","        local.testCase_webpage_default = local.testCase_webpage_default || function (","            options,","            onError","        ) {","        /*","         * this function will test webpage's default handling-behavior","         */","            options = { modeCoverageMerge: true, url: local.serverLocalHost + '?modeTest=1' };","            local.browserTest(options, onError);","        };","","        // run test-server","        local.testRunServer(local);","        break;","    }","}());",""],"l":{"12":2,"14":2,"19":2,"21":2,"23":2,"24":2,"25":2,"30":1,"37":2,"40":2,"43":1,"47":1,"50":1,"52":1,"55":2,"61":2,"62":2,"64":2,"70":1,"76":1,"82":2,"83":2,"85":2,"91":1,"98":1,"102":1,"105":1,"112":1,"119":1,"120":1,"123":1,"130":1,"131":1,"132":1,"133":1,"134":1,"135":1,"138":1,"143":2,"144":2,"147":1,"154":2,"155":2,"158":1,"165":2,"166":2,"169":1,"176":2,"177":2,"180":1,"187":1,"188":1,"192":1,"193":1}},"/home/travis/build/npmtest/node-npmtest-nooocl/lib.npmtest_nooocl.js":{"path":"/home/travis/build/npmtest/node-npmtest-nooocl/lib.npmtest_nooocl.js","s":{"1":2,"2":2,"3":2,"4":2,"5":2,"6":2,"7":2,"8":1,"9":2,"10":2,"11":2,"12":2,"13":1,"14":1,"15":1,"16":1},"b":{"1":[2,1,1,1],"2":[1,1,1,1],"3":[1,1],"4":[2,2],"5":[1,1]},"f":{"1":2,"2":2,"3":2},"fnMap":{"1":{"name":"(anonymous_1)","line":12,"loc":{"start":{"line":12,"column":1},"end":{"line":12,"column":13}}},"2":{"name":"(anonymous_2)","line":19,"loc":{"start":{"line":19,"column":5},"end":{"line":19,"column":17}}},"3":{"name":"(anonymous_3)","line":23,"loc":{"start":{"line":23,"column":24},"end":{"line":23,"column":36}}}},"statementMap":{"1":{"start":{"line":12,"column":0},"end":{"line":53,"column":5}},"2":{"start":{"line":14,"column":4},"end":{"line":14,"column":14}},"3":{"start":{"line":19,"column":4},"end":{"line":52,"column":9}},"4":{"start":{"line":21,"column":8},"end":{"line":21,"column":19}},"5":{"start":{"line":23,"column":8},"end":{"line":35,"column":13}},"6":{"start":{"line":24,"column":12},"end":{"line":34,"column":13}},"7":{"start":{"line":25,"column":16},"end":{"line":28,"column":30}},"8":{"start":{"line":30,"column":16},"end":{"line":33,"column":27}},"9":{"start":{"line":37,"column":8},"end":{"line":39,"column":21}},"10":{"start":{"line":41,"column":8},"end":{"line":41,"column":54}},"11":{"start":{"line":43,"column":8},"end":{"line":43,"column":51}},"12":{"start":{"line":45,"column":8},"end":{"line":51,"column":9}},"13":{"start":{"line":46,"column":12},"end":{"line":46,"column":57}},"14":{"start":{"line":48,"column":12},"end":{"line":48,"column":35}},"15":{"start":{"line":49,"column":12},"end":{"line":49,"column":49}},"16":{"start":{"line":50,"column":12},"end":{"line":50,"column":43}}},"branchMap":{"1":{"line":25,"type":"binary-expr","locations":[{"start":{"line":25,"column":23},"end":{"line":25,"column":62}},{"start":{"line":26,"column":20},"end":{"line":26,"column":70}},{"start":{"line":27,"column":20},"end":{"line":27,"column":71}},{"start":{"line":28,"column":20},"end":{"line":28,"column":29}}]},"2":{"line":30,"type":"binary-expr","locations":[{"start":{"line":30,"column":23},"end":{"line":30,"column":37}},{"start":{"line":31,"column":20},"end":{"line":31,"column":61}},{"start":{"line":32,"column":20},"end":{"line":32,"column":70}},{"start":{"line":33,"column":20},"end":{"line":33,"column":26}}]},"3":{"line":37,"type":"cond-expr","locations":[{"start":{"line":38,"column":14},"end":{"line":38,"column":20}},{"start":{"line":39,"column":14},"end":{"line":39,"column":20}}]},"4":{"line":41,"type":"binary-expr","locations":[{"start":{"line":41,"column":16},"end":{"line":41,"column":44}},{"start":{"line":41,"column":48},"end":{"line":41,"column":53}}]},"5":{"line":45,"type":"if","locations":[{"start":{"line":45,"column":8},"end":{"line":45,"column":8}},{"start":{"line":45,"column":8},"end":{"line":45,"column":8}}]}},"code":["/* istanbul instrument in package npmtest_nooocl */","/*jslint","    bitwise: true,","    browser: true,","    maxerr: 8,","    maxlen: 96,","    node: true,","    nomen: true,","    regexp: true,","    stupid: true","*/","(function () {","    'use strict';","    var local;","","","","    // run shared js-env code - pre-init","    (function () {","        // init local","        local = {};","        // init modeJs","        local.modeJs = (function () {","            try {","                return typeof navigator.userAgent === 'string' &&","                    typeof document.querySelector('body') === 'object' &&","                    typeof XMLHttpRequest.prototype.open === 'function' &&","                    'browser';","            } catch (errorCaughtBrowser) {","                return module.exports &&","                    typeof process.versions.node === 'string' &&","                    typeof require('http').createServer === 'function' &&","                    'node';","            }","        }());","        // init global","        local.global = local.modeJs === 'browser'","            ? window","            : global;","        // init utility2_rollup","        local = local.global.utility2_rollup || local;","        // init lib","        local.local = local.npmtest_nooocl = local;","        // init exports","        if (local.modeJs === 'browser') {","            local.global.utility2_npmtest_nooocl = local;","        } else {","            module.exports = local;","            module.exports.__dirname = __dirname;","            module.exports.module = module;","        }","    }());","}());",""],"l":{"12":2,"14":2,"19":2,"21":2,"23":2,"24":2,"25":2,"30":1,"37":2,"41":2,"43":2,"45":2,"46":1,"48":1,"49":1,"50":1}},"/home/travis/build/npmtest/node-npmtest-nooocl/example.js":{"path":"/home/travis/build/npmtest/node-npmtest-nooocl/example.js","s":{"1":2,"2":2,"3":2,"4":2,"5":2,"6":2,"7":2,"8":1,"9":2,"10":2,"11":2,"12":2,"13":1,"14":2,"15":2,"16":2,"17":2,"18":2,"19":0,"20":2,"21":1,"22":1,"23":1,"24":1,"25":1,"26":0,"27":0,"28":1,"29":1,"30":2,"31":0,"32":0,"33":0,"34":1,"35":2,"36":2,"37":3,"38":3,"39":3,"40":3,"41":0,"42":3,"43":3,"44":3,"45":1,"46":3,"47":1,"48":1,"49":1,"50":1,"51":1,"52":1,"53":1,"54":1,"55":1,"56":1,"57":0,"58":1,"59":6,"60":6,"61":1,"62":2,"63":0,"64":2,"65":1,"66":1,"67":0,"68":0,"69":0,"70":0,"71":0,"72":0,"73":0,"74":0,"75":0,"76":0,"77":0,"78":0,"79":0,"80":0,"81":0,"82":0,"83":0},"b":{"1":[2,1,1,1],"2":[1,1,1,1],"3":[1,1],"4":[2,2],"5":[1,1],"6":[1,1],"7":[2,0],"8":[2,1,1,1,1,1],"9":[0,2,0],"10":[1,1],"11":[2,1,1],"12":[1,0],"13":[0,2],"14":[2,0,0,0,0,0,0],"15":[0,3],"16":[3,0],"17":[1,1],"18":[0,1],"19":[1,2,0,2],"20":[1,0],"21":[1,1],"22":[0,0],"23":[0,0],"24":[0,0],"25":[0,0],"26":[0,0],"27":[0,0],"28":[0,0]},"f":{"1":2,"2":2,"3":2,"4":2,"5":2,"6":2,"7":3,"8":3,"9":3,"10":1,"11":6,"12":0},"fnMap":{"1":{"name":"(anonymous_1)","line":26,"loc":{"start":{"line":26,"column":1},"end":{"line":26,"column":13}}},"2":{"name":"(anonymous_2)","line":33,"loc":{"start":{"line":33,"column":5},"end":{"line":33,"column":17}}},"3":{"name":"(anonymous_3)","line":37,"loc":{"start":{"line":37,"column":24},"end":{"line":37,"column":36}}},"4":{"name":"(anonymous_4)","line":69,"loc":{"start":{"line":69,"column":31},"end":{"line":69,"column":48}},"skip":true},"5":{"name":"(anonymous_5)","line":78,"loc":{"start":{"line":78,"column":26},"end":{"line":78,"column":45}},"skip":true},"6":{"name":"(anonymous_6)","line":123,"loc":{"start":{"line":123,"column":33},"end":{"line":123,"column":48}},"skip":true},"7":{"name":"(anonymous_7)","line":125,"loc":{"start":{"line":125,"column":27},"end":{"line":125,"column":39}},"skip":true},"8":{"name":"(anonymous_8)","line":133,"loc":{"start":{"line":133,"column":59},"end":{"line":133,"column":74}},"skip":true},"9":{"name":"(anonymous_9)","line":143,"loc":{"start":{"line":143,"column":45},"end":{"line":143,"column":62}},"skip":true},"10":{"name":"(anonymous_10)","line":144,"loc":{"start":{"line":144,"column":73},"end":{"line":144,"column":92}},"skip":true},"11":{"name":"(anonymous_11)","line":272,"loc":{"start":{"line":272,"column":51},"end":{"line":272,"column":77}},"skip":true},"12":{"name":"(anonymous_12)","line":315,"loc":{"start":{"line":315,"column":32},"end":{"line":315,"column":61}},"skip":true}},"statementMap":{"1":{"start":{"line":26,"column":0},"end":{"line":326,"column":5}},"2":{"start":{"line":28,"column":4},"end":{"line":28,"column":14}},"3":{"start":{"line":33,"column":4},"end":{"line":60,"column":9}},"4":{"start":{"line":35,"column":8},"end":{"line":35,"column":19}},"5":{"start":{"line":37,"column":8},"end":{"line":49,"column":13}},"6":{"start":{"line":38,"column":12},"end":{"line":48,"column":13}},"7":{"start":{"line":39,"column":16},"end":{"line":42,"column":30}},"8":{"start":{"line":44,"column":16},"end":{"line":47,"column":27}},"9":{"start":{"line":51,"column":8},"end":{"line":53,"column":21}},"10":{"start":{"line":55,"column":8},"end":{"line":57,"column":45}},"11":{"start":{"line":59,"column":8},"end":{"line":59,"column":35}},"12":{"start":{"line":61,"column":4},"end":{"line":325,"column":5}},"13":{"start":{"line":69,"column":8},"end":{"line":121,"column":10},"skip":true},"14":{"start":{"line":70,"column":12},"end":{"line":88,"column":13},"skip":true},"15":{"start":{"line":76,"column":16},"end":{"line":87,"column":19},"skip":true},"16":{"start":{"line":79,"column":20},"end":{"line":86,"column":21},"skip":true},"17":{"start":{"line":82,"column":24},"end":{"line":82,"column":43},"skip":true},"18":{"start":{"line":83,"column":24},"end":{"line":83,"column":30},"skip":true},"19":{"start":{"line":85,"column":24},"end":{"line":85,"column":49},"skip":true},"20":{"start":{"line":89,"column":12},"end":{"line":107,"column":13},"skip":true},"21":{"start":{"line":92,"column":16},"end":{"line":102,"column":17},"skip":true},"22":{"start":{"line":93,"column":20},"end":{"line":93,"column":86},"skip":true},"23":{"start":{"line":94,"column":20},"end":{"line":95,"column":45},"skip":true},"24":{"start":{"line":96,"column":20},"end":{"line":96,"column":42},"skip":true},"25":{"start":{"line":97,"column":20},"end":{"line":97,"column":48},"skip":true},"26":{"start":{"line":100,"column":20},"end":{"line":100,"column":85},"skip":true},"27":{"start":{"line":101,"column":20},"end":{"line":101,"column":96},"skip":true},"28":{"start":{"line":103,"column":16},"end":{"line":103,"column":22},"skip":true},"29":{"start":{"line":106,"column":16},"end":{"line":106,"column":22},"skip":true},"30":{"start":{"line":108,"column":12},"end":{"line":120,"column":13},"skip":true},"31":{"start":{"line":114,"column":16},"end":{"line":119,"column":17},"skip":true},"32":{"start":{"line":116,"column":20},"end":{"line":116,"column":78},"skip":true},"33":{"start":{"line":118,"column":20},"end":{"line":118,"column":47},"skip":true},"34":{"start":{"line":123,"column":8},"end":{"line":141,"column":11},"skip":true},"35":{"start":{"line":124,"column":12},"end":{"line":124,"column":54},"skip":true},"36":{"start":{"line":125,"column":12},"end":{"line":140,"column":14},"skip":true},"37":{"start":{"line":126,"column":16},"end":{"line":126,"column":28},"skip":true},"38":{"start":{"line":127,"column":16},"end":{"line":127,"column":69},"skip":true},"39":{"start":{"line":128,"column":16},"end":{"line":128,"column":75},"skip":true},"40":{"start":{"line":129,"column":16},"end":{"line":131,"column":17},"skip":true},"41":{"start":{"line":130,"column":20},"end":{"line":130,"column":27},"skip":true},"42":{"start":{"line":133,"column":16},"end":{"line":137,"column":36},"skip":true},"43":{"start":{"line":134,"column":20},"end":{"line":136,"column":55},"skip":true},"44":{"start":{"line":139,"column":16},"end":{"line":139,"column":57},"skip":true},"45":{"start":{"line":143,"column":8},"end":{"line":147,"column":11},"skip":true},"46":{"start":{"line":144,"column":12},"end":{"line":146,"column":15},"skip":true},"47":{"start":{"line":145,"column":16},"end":{"line":145,"column":70},"skip":true},"48":{"start":{"line":149,"column":8},"end":{"line":149,"column":31},"skip":true},"49":{"start":{"line":150,"column":8},"end":{"line":150,"column":14},"skip":true},"50":{"start":{"line":158,"column":8},"end":{"line":158,"column":31},"skip":true},"51":{"start":{"line":160,"column":8},"end":{"line":160,"column":33},"skip":true},"52":{"start":{"line":161,"column":8},"end":{"line":161,"column":37},"skip":true},"53":{"start":{"line":162,"column":8},"end":{"line":162,"column":35},"skip":true},"54":{"start":{"line":164,"column":8},"end":{"line":164,"column":50},"skip":true},"55":{"start":{"line":166,"column":8},"end":{"line":256,"column":2},"skip":true},"56":{"start":{"line":258,"column":8},"end":{"line":286,"column":9},"skip":true},"57":{"start":{"line":259,"column":12},"end":{"line":269,"column":14},"skip":true},"58":{"start":{"line":271,"column":12},"end":{"line":285,"column":19},"skip":true},"59":{"start":{"line":274,"column":20},"end":{"line":274,"column":35},"skip":true},"60":{"start":{"line":275,"column":20},"end":{"line":284,"column":21},"skip":true},"61":{"start":{"line":277,"column":24},"end":{"line":277,"column":64},"skip":true},"62":{"start":{"line":279,"column":24},"end":{"line":279,"column":40},"skip":true},"63":{"start":{"line":281,"column":24},"end":{"line":281,"column":40},"skip":true},"64":{"start":{"line":283,"column":24},"end":{"line":283,"column":39},"skip":true},"65":{"start":{"line":288,"column":8},"end":{"line":290,"column":9},"skip":true},"66":{"start":{"line":289,"column":12},"end":{"line":289,"column":18},"skip":true},"67":{"start":{"line":291,"column":8},"end":{"line":293,"column":54},"skip":true},"68":{"start":{"line":296,"column":8},"end":{"line":301,"column":37},"skip":true},"69":{"start":{"line":303,"column":8},"end":{"line":303,"column":82},"skip":true},"70":{"start":{"line":306,"column":8},"end":{"line":308,"column":9},"skip":true},"71":{"start":{"line":307,"column":12},"end":{"line":307,"column":82},"skip":true},"72":{"start":{"line":310,"column":8},"end":{"line":312,"column":9},"skip":true},"73":{"start":{"line":311,"column":12},"end":{"line":311,"column":18},"skip":true},"74":{"start":{"line":313,"column":8},"end":{"line":313,"column":54},"skip":true},"75":{"start":{"line":314,"column":8},"end":{"line":314,"column":69},"skip":true},"76":{"start":{"line":315,"column":8},"end":{"line":323,"column":36},"skip":true},"77":{"start":{"line":316,"column":12},"end":{"line":316,"column":61},"skip":true},"78":{"start":{"line":317,"column":12},"end":{"line":320,"column":13},"skip":true},"79":{"start":{"line":318,"column":16},"end":{"line":318,"column":75},"skip":true},"80":{"start":{"line":319,"column":16},"end":{"line":319,"column":23},"skip":true},"81":{"start":{"line":321,"column":12},"end":{"line":321,"column":38},"skip":true},"82":{"start":{"line":322,"column":12},"end":{"line":322,"column":27},"skip":true},"83":{"start":{"line":324,"column":8},"end":{"line":324,"column":14},"skip":true}},"branchMap":{"1":{"line":39,"type":"binary-expr","locations":[{"start":{"line":39,"column":23},"end":{"line":39,"column":62}},{"start":{"line":40,"column":20},"end":{"line":40,"column":70}},{"start":{"line":41,"column":20},"end":{"line":41,"column":71}},{"start":{"line":42,"column":20},"end":{"line":42,"column":29}}]},"2":{"line":44,"type":"binary-expr","locations":[{"start":{"line":44,"column":23},"end":{"line":44,"column":37}},{"start":{"line":45,"column":20},"end":{"line":45,"column":61}},{"start":{"line":46,"column":20},"end":{"line":46,"column":70}},{"start":{"line":47,"column":20},"end":{"line":47,"column":26}}]},"3":{"line":51,"type":"cond-expr","locations":[{"start":{"line":52,"column":14},"end":{"line":52,"column":20}},{"start":{"line":53,"column":14},"end":{"line":53,"column":20}}]},"4":{"line":55,"type":"binary-expr","locations":[{"start":{"line":55,"column":16},"end":{"line":55,"column":44}},{"start":{"line":55,"column":49},"end":{"line":57,"column":43}}]},"5":{"line":55,"type":"cond-expr","locations":[{"start":{"line":56,"column":14},"end":{"line":56,"column":50}},{"start":{"line":57,"column":14},"end":{"line":57,"column":43}}]},"6":{"line":61,"type":"switch","locations":[{"start":{"line":68,"column":4},"end":{"line":150,"column":14},"skip":true},{"start":{"line":156,"column":4},"end":{"line":324,"column":14},"skip":true}]},"7":{"line":70,"type":"if","locations":[{"start":{"line":70,"column":12},"end":{"line":70,"column":12},"skip":true},{"start":{"line":70,"column":12},"end":{"line":70,"column":12},"skip":true}]},"8":{"line":70,"type":"binary-expr","locations":[{"start":{"line":70,"column":16},"end":{"line":70,"column":22},"skip":true},{"start":{"line":70,"column":27},"end":{"line":70,"column":32},"skip":true},{"start":{"line":71,"column":20},"end":{"line":71,"column":39},"skip":true},{"start":{"line":72,"column":20},"end":{"line":72,"column":49},"skip":true},{"start":{"line":73,"column":20},"end":{"line":73,"column":58},"skip":true},{"start":{"line":74,"column":20},"end":{"line":74,"column":69},"skip":true}]},"9":{"line":79,"type":"switch","locations":[{"start":{"line":80,"column":20},"end":{"line":80,"column":33},"skip":true},{"start":{"line":81,"column":20},"end":{"line":83,"column":30},"skip":true},{"start":{"line":84,"column":20},"end":{"line":85,"column":49},"skip":true}]},"10":{"line":89,"type":"switch","locations":[{"start":{"line":90,"column":12},"end":{"line":103,"column":22},"skip":true},{"start":{"line":105,"column":12},"end":{"line":106,"column":22},"skip":true}]},"11":{"line":89,"type":"binary-expr","locations":[{"start":{"line":89,"column":20},"end":{"line":89,"column":25},"skip":true},{"start":{"line":89,"column":29},"end":{"line":89,"column":48},"skip":true},{"start":{"line":89,"column":52},"end":{"line":89,"column":74},"skip":true}]},"12":{"line":92,"type":"if","locations":[{"start":{"line":92,"column":16},"end":{"line":92,"column":16},"skip":true},{"start":{"line":92,"column":16},"end":{"line":92,"column":16},"skip":true}]},"13":{"line":108,"type":"if","locations":[{"start":{"line":108,"column":12},"end":{"line":108,"column":12},"skip":true},{"start":{"line":108,"column":12},"end":{"line":108,"column":12},"skip":true}]},"14":{"line":108,"type":"binary-expr","locations":[{"start":{"line":108,"column":16},"end":{"line":108,"column":61},"skip":true},{"start":{"line":108,"column":66},"end":{"line":108,"column":72},"skip":true},{"start":{"line":108,"column":77},"end":{"line":108,"column":82},"skip":true},{"start":{"line":109,"column":20},"end":{"line":109,"column":39},"skip":true},{"start":{"line":110,"column":20},"end":{"line":110,"column":49},"skip":true},{"start":{"line":111,"column":20},"end":{"line":111,"column":58},"skip":true},{"start":{"line":112,"column":20},"end":{"line":112,"column":68},"skip":true}]},"15":{"line":129,"type":"if","locations":[{"start":{"line":129,"column":16},"end":{"line":129,"column":16},"skip":true},{"start":{"line":129,"column":16},"end":{"line":129,"column":16},"skip":true}]},"16":{"line":134,"type":"cond-expr","locations":[{"start":{"line":135,"column":26},"end":{"line":135,"column":29},"skip":true},{"start":{"line":136,"column":26},"end":{"line":136,"column":54},"skip":true}]},"17":{"line":164,"type":"binary-expr","locations":[{"start":{"line":164,"column":27},"end":{"line":164,"column":43},"skip":true},{"start":{"line":164,"column":47},"end":{"line":164,"column":49},"skip":true}]},"18":{"line":258,"type":"if","locations":[{"start":{"line":258,"column":8},"end":{"line":258,"column":8},"skip":true},{"start":{"line":258,"column":8},"end":{"line":258,"column":8},"skip":true}]},"19":{"line":275,"type":"switch","locations":[{"start":{"line":276,"column":20},"end":{"line":277,"column":64},"skip":true},{"start":{"line":278,"column":20},"end":{"line":279,"column":40},"skip":true},{"start":{"line":280,"column":20},"end":{"line":281,"column":40},"skip":true},{"start":{"line":282,"column":20},"end":{"line":283,"column":39},"skip":true}]},"20":{"line":288,"type":"if","locations":[{"start":{"line":288,"column":8},"end":{"line":288,"column":8},"skip":true},{"start":{"line":288,"column":8},"end":{"line":288,"column":8},"skip":true}]},"21":{"line":288,"type":"binary-expr","locations":[{"start":{"line":288,"column":12},"end":{"line":288,"column":40},"skip":true},{"start":{"line":288,"column":44},"end":{"line":288,"column":67},"skip":true}]},"22":{"line":292,"type":"binary-expr","locations":[{"start":{"line":292,"column":12},"end":{"line":292,"column":50},"skip":true},{"start":{"line":293,"column":12},"end":{"line":293,"column":53},"skip":true}]},"23":{"line":297,"type":"binary-expr","locations":[{"start":{"line":297,"column":12},"end":{"line":297,"column":64},"skip":true},{"start":{"line":298,"column":12},"end":{"line":301,"column":36},"skip":true}]},"24":{"line":303,"type":"binary-expr","locations":[{"start":{"line":303,"column":43},"end":{"line":303,"column":75},"skip":true},{"start":{"line":303,"column":79},"end":{"line":303,"column":81},"skip":true}]},"25":{"line":306,"type":"if","locations":[{"start":{"line":306,"column":8},"end":{"line":306,"column":8},"skip":true},{"start":{"line":306,"column":8},"end":{"line":306,"column":8},"skip":true}]},"26":{"line":310,"type":"if","locations":[{"start":{"line":310,"column":8},"end":{"line":310,"column":8},"skip":true},{"start":{"line":310,"column":8},"end":{"line":310,"column":8},"skip":true}]},"27":{"line":313,"type":"binary-expr","locations":[{"start":{"line":313,"column":27},"end":{"line":313,"column":43},"skip":true},{"start":{"line":313,"column":47},"end":{"line":313,"column":53},"skip":true}]},"28":{"line":317,"type":"if","locations":[{"start":{"line":317,"column":12},"end":{"line":317,"column":12},"skip":true},{"start":{"line":317,"column":12},"end":{"line":317,"column":12},"skip":true}]}},"code":["/*","example.js","","quickstart example","","instruction","    1. save this script as example.js","    2. run the shell command:","        $ npm install npmtest-nooocl && PORT=8081 node example.js","    3. play with the browser-demo on http://127.0.0.1:8081","*/","","","","/* istanbul instrument in package npmtest_nooocl */","/*jslint","    bitwise: true,","    browser: true,","    maxerr: 8,","    maxlen: 96,","    node: true,","    nomen: true,","    regexp: true,","    stupid: true","*/","(function () {","    'use strict';","    var local;","","","","    // run shared js-env code - pre-init","    (function () {","        // init local","        local = {};","        // init modeJs","        local.modeJs = (function () {","            try {","                return typeof navigator.userAgent === 'string' &&","                    typeof document.querySelector('body') === 'object' &&","                    typeof XMLHttpRequest.prototype.open === 'function' &&","                    'browser';","            } catch (errorCaughtBrowser) {","                return module.exports &&","                    typeof process.versions.node === 'string' &&","                    typeof require('http').createServer === 'function' &&","                    'node';","            }","        }());","        // init global","        local.global = local.modeJs === 'browser'","            ? window","            : global;","        // init utility2_rollup","        local = local.global.utility2_rollup || (local.modeJs === 'browser'","            ? local.global.utility2_npmtest_nooocl","            : global.utility2_moduleExports);","        // export local","        local.global.local = local;","    }());","    switch (local.modeJs) {","","","","    // post-init","    // run browser js-env code - post-init","    /* istanbul ignore next */","    case 'browser':","        local.testRunBrowser = function (event) {","            if (!event || (event &&","                    event.currentTarget &&","                    event.currentTarget.className &&","                    event.currentTarget.className.includes &&","                    event.currentTarget.className.includes('onreset'))) {","                // reset output","                Array.from(","                    document.querySelectorAll('body > .resettable')","                ).forEach(function (element) {","                    switch (element.tagName) {","                    case 'INPUT':","                    case 'TEXTAREA':","                        element.value = '';","                        break;","                    default:","                        element.textContent = '';","                    }","                });","            }","            switch (event && event.currentTarget && event.currentTarget.id) {","            case 'testRunButton1':","                // show tests","                if (document.querySelector('#testReportDiv1').style.display === 'none') {","                    document.querySelector('#testReportDiv1').style.display = 'block';","                    document.querySelector('#testRunButton1').textContent =","                        'hide internal test';","                    local.modeTest = true;","                    local.testRunDefault(local);","                // hide tests","                } else {","                    document.querySelector('#testReportDiv1').style.display = 'none';","                    document.querySelector('#testRunButton1').textContent = 'run internal test';","                }","                break;","            // custom-case","            default:","                break;","            }","            if (document.querySelector('#inputTextareaEval1') && (!event || (event &&","                    event.currentTarget &&","                    event.currentTarget.className &&","                    event.currentTarget.className.includes &&","                    event.currentTarget.className.includes('oneval')))) {","                // try to eval input-code","                try {","                    /*jslint evil: true*/","                    eval(document.querySelector('#inputTextareaEval1').value);","                } catch (errorCaught) {","                    console.error(errorCaught);","                }","            }","        };","        // log stderr and stdout to #outputTextareaStdout1","        ['error', 'log'].forEach(function (key) {","            console[key + '_original'] = console[key];","            console[key] = function () {","                var element;","                console[key + '_original'].apply(console, arguments);","                element = document.querySelector('#outputTextareaStdout1');","                if (!element) {","                    return;","                }","                // append text to #outputTextareaStdout1","                element.value += Array.from(arguments).map(function (arg) {","                    return typeof arg === 'string'","                        ? arg","                        : JSON.stringify(arg, null, 4);","                }).join(' ') + '\\n';","                // scroll textarea to bottom","                element.scrollTop = element.scrollHeight;","            };","        });","        // init event-handling","        ['change', 'click', 'keyup'].forEach(function (event) {","            Array.from(document.querySelectorAll('.on' + event)).forEach(function (element) {","                element.addEventListener(event, local.testRunBrowser);","            });","        });","        // run tests","        local.testRunBrowser();","        break;","","","","    // run node js-env code - post-init","    /* istanbul ignore next */","    case 'node':","        // export local","        module.exports = local;","        // require modules","        local.fs = require('fs');","        local.http = require('http');","        local.url = require('url');","        // init assets","        local.assetsDict = local.assetsDict || {};","        /* jslint-ignore-begin */","        local.assetsDict['/assets.index.template.html'] = '\\","<!doctype html>\\n\\","<html lang=\"en\">\\n\\","<head>\\n\\","<meta charset=\"UTF-8\">\\n\\","<meta name=\"viewport\" content=\"width=device-width, initial-scale=1\">\\n\\","<title>{{env.npm_package_name}} (v{{env.npm_package_version}})</title>\\n\\","<style>\\n\\","/*csslint\\n\\","    box-sizing: false,\\n\\","    universal-selector: false\\n\\","*/\\n\\","* {\\n\\","    box-sizing: border-box;\\n\\","}\\n\\","body {\\n\\","    background: #dde;\\n\\","    font-family: Arial, Helvetica, sans-serif;\\n\\","    margin: 2rem;\\n\\","}\\n\\","body > * {\\n\\","    margin-bottom: 1rem;\\n\\","}\\n\\",".utility2FooterDiv {\\n\\","    margin-top: 20px;\\n\\","    text-align: center;\\n\\","}\\n\\","</style>\\n\\","<style>\\n\\","/*csslint\\n\\","*/\\n\\","textarea {\\n\\","    font-family: monospace;\\n\\","    height: 10rem;\\n\\","    width: 100%;\\n\\","}\\n\\","textarea[readonly] {\\n\\","    background: #ddd;\\n\\","}\\n\\","</style>\\n\\","</head>\\n\\","<body>\\n\\","<!-- utility2-comment\\n\\","<div id=\"ajaxProgressDiv1\" style=\"background: #d00; height: 2px; left: 0; margin: 0; padding: 0; position: fixed; top: 0; transition: background 0.5s, width 1.5s; width: 25%;\"></div>\\n\\","utility2-comment -->\\n\\","<h1>\\n\\","<!-- utility2-comment\\n\\","    <a\\n\\","        {{#if env.npm_package_homepage}}\\n\\","        href=\"{{env.npm_package_homepage}}\"\\n\\","        {{/if env.npm_package_homepage}}\\n\\","        target=\"_blank\"\\n\\","    >\\n\\","utility2-comment -->\\n\\","        {{env.npm_package_name}} (v{{env.npm_package_version}})\\n\\","<!-- utility2-comment\\n\\","    </a>\\n\\","utility2-comment -->\\n\\","</h1>\\n\\","<h3>{{env.npm_package_description}}</h3>\\n\\","<!-- utility2-comment\\n\\","<h4><a download href=\"assets.app.js\">download standalone app</a></h4>\\n\\","<button class=\"onclick onreset\" id=\"testRunButton1\">run internal test</button><br>\\n\\","<div id=\"testReportDiv1\" style=\"display: none;\"></div>\\n\\","utility2-comment -->\\n\\","\\n\\","\\n\\","\\n\\","<label>stderr and stdout</label>\\n\\","<textarea class=\"resettable\" id=\"outputTextareaStdout1\" readonly></textarea>\\n\\","<!-- utility2-comment\\n\\","{{#if isRollup}}\\n\\","<script src=\"assets.app.js\"></script>\\n\\","{{#unless isRollup}}\\n\\","utility2-comment -->\\n\\","<script src=\"assets.utility2.rollup.js\"></script>\\n\\","<script src=\"jsonp.utility2._stateInit?callback=window.utility2._stateInit\"></script>\\n\\","<script src=\"assets.npmtest_nooocl.rollup.js\"></script>\\n\\","<script src=\"assets.example.js\"></script>\\n\\","<script src=\"assets.test.js\"></script>\\n\\","<!-- utility2-comment\\n\\","{{/if isRollup}}\\n\\","utility2-comment -->\\n\\","<div class=\"utility2FooterDiv\">\\n\\","    [ this app was created with\\n\\","    <a href=\"https://github.com/kaizhu256/node-utility2\" target=\"_blank\">utility2</a>\\n\\","    ]\\n\\","</div>\\n\\","</body>\\n\\","</html>\\n\\","';","        /* jslint-ignore-end */","        if (local.templateRender) {","            local.assetsDict['/'] = local.templateRender(","                local.assetsDict['/assets.index.template.html'],","                {","                    env: local.objectSetDefault(local.env, {","                        npm_package_description: 'the greatest app in the world!',","                        npm_package_name: 'my-app',","                        npm_package_nameAlias: 'my_app',","                        npm_package_version: '0.0.1'","                    })","                }","            );","        } else {","            local.assetsDict['/'] = local.assetsDict['/assets.index.template.html']","                .replace((/\\{\\{env\\.(\\w+?)\\}\\}/g), function (match0, match1) {","                    // jslint-hack","                    String(match0);","                    switch (match1) {","                    case 'npm_package_description':","                        return 'the greatest app in the world!';","                    case 'npm_package_name':","                        return 'my-app';","                    case 'npm_package_nameAlias':","                        return 'my_app';","                    case 'npm_package_version':","                        return '0.0.1';","                    }","                });","        }","        // run the cli","        if (local.global.utility2_rollup || module !== require.main) {","            break;","        }","        local.assetsDict['/assets.example.js'] =","            local.assetsDict['/assets.example.js'] ||","            local.fs.readFileSync(__filename, 'utf8');","        // bug-workaround - long $npm_package_buildCustomOrg","        /* jslint-ignore-begin */","        local.assetsDict['/assets.npmtest_nooocl.rollup.js'] =","            local.assetsDict['/assets.npmtest_nooocl.rollup.js'] ||","            local.fs.readFileSync(","                local.npmtest_nooocl.__dirname + '/lib.npmtest_nooocl.js',","                'utf8'","            ).replace((/^#!/), '//');","        /* jslint-ignore-end */","        local.assetsDict['/favicon.ico'] = local.assetsDict['/favicon.ico'] || '';","        // if $npm_config_timeout_exit exists,","        // then exit this process after $npm_config_timeout_exit ms","        if (Number(process.env.npm_config_timeout_exit)) {","            setTimeout(process.exit, Number(process.env.npm_config_timeout_exit));","        }","        // start server","        if (local.global.utility2_serverHttp1) {","            break;","        }","        process.env.PORT = process.env.PORT || '8081';","        console.error('server starting on port ' + process.env.PORT);","        local.http.createServer(function (request, response) {","            request.urlParsed = local.url.parse(request.url);","            if (local.assetsDict[request.urlParsed.pathname] !== undefined) {","                response.end(local.assetsDict[request.urlParsed.pathname]);","                return;","            }","            response.statusCode = 404;","            response.end();","        }).listen(process.env.PORT);","        break;","    }","}());",""],"l":{"26":2,"28":2,"33":2,"35":2,"37":2,"38":2,"39":2,"44":1,"51":2,"55":2,"59":2,"61":2,"69":1,"70":2,"76":2,"79":2,"82":2,"83":2,"85":1,"89":2,"92":1,"93":1,"94":1,"96":1,"97":1,"100":1,"101":1,"103":1,"106":1,"108":2,"114":1,"116":1,"118":1,"123":1,"124":2,"125":2,"126":3,"127":3,"128":3,"129":3,"130":1,"133":3,"134":3,"139":3,"143":1,"144":3,"145":1,"149":1,"150":1,"158":1,"160":1,"161":1,"162":1,"164":1,"166":1,"258":1,"259":1,"271":1,"274":6,"275":6,"277":1,"279":2,"281":1,"283":2,"288":1,"289":1,"291":1,"296":1,"303":1,"306":1,"307":1,"310":1,"311":1,"313":1,"314":1,"315":1,"316":1,"317":1,"318":1,"319":1,"321":1,"322":1,"324":1}},"/home/travis/build/npmtest/node-npmtest-nooocl/node_modules/nooocl/index.js":{"path":"/home/travis/build/npmtest/node-npmtest-nooocl/node_modules/nooocl/index.js","s":{"1":1},"b":{},"f":{},"fnMap":{},"statementMap":{"1":{"start":{"line":4,"column":0},"end":{"line":4,"column":34}}},"branchMap":{},"code":["/*jslint node:true,nomen:true,vars:true,plusplus:true,white:true,unparam:true*/","/*jshint onevar:true*/","'use strict';","module.exports = require('./lib');",""],"l":{"4":1}},"/home/travis/build/npmtest/node-npmtest-nooocl/node_modules/nooocl/lib/index.js":{"path":"/home/travis/build/npmtest/node-npmtest-nooocl/node_modules/nooocl/lib/index.js","s":{"1":1,"2":1},"b":{},"f":{},"fnMap":{},"statementMap":{"1":{"start":{"line":15,"column":0},"end":{"line":15,"column":35}},"2":{"start":{"line":18,"column":0},"end":{"line":46,"column":2}}},"branchMap":{},"code":["/*","License: [MIT](../LICENSE)","","Copyright (c) 2014 Gábor Mező aka [unbornchikken](https://github.com/unbornchikken)","*/","","/*","# NOOOCL API index","","Public definitions of the NOOOCL library.","*/","","\"use strict\";","","var fastcall = require(\"fastcall\");","","// ## Exported stuff","module.exports = {","    // ### [CLHost](clHost.html)","    // This is the entry point of interacting OpenCL runtime in NOOOCL.","    CLHost: require(\"./clHost\"),","","    // ### [CLPlatform](clPlatform.html)","    // Represents an OpenCL platform.","    CLPlatform: require(\"./clPlatform\"),","","    // ### [CLDevice](clDevice.html)","    // Represents an OpenCL device.","    CLDevice: require(\"./clDevice\"),","","    // ### [CLContext](clContext.html)","    // Represents an OpenCL context.","    CLContext: require(\"./clContext\"),","","    CLBuffer: require(\"./clBuffer\"),","    CLCommandQueue: require(\"./clCommandQueue\"),","    CLUserEvent: require(\"./clUserEvent\"),","    NDRange: require(\"./ndRange\"),","    CLProgram: require(\"./clProgram\"),","    CLKernel: require(\"./clKernel\"),","    CLImage2D: require(\"./clImage2D\"),","    CLImage3D: require(\"./clImage3D\"),","    CLSampler: require(\"./clSampler\"),","    CLError: require(\"./clError\"),","    scope: fastcall.scope","};","","/*","## Additional stuff","","### [CLWrapper](clWrapper.html)","Base class of OpenCL wrapper classes.","*/"],"l":{"15":1,"18":1}},"/home/travis/build/npmtest/node-npmtest-nooocl/node_modules/nooocl/lib/clHost.js":{"path":"/home/travis/build/npmtest/node-npmtest-nooocl/node_modules/nooocl/lib/clHost.js","s":{"1":1,"2":1,"3":1,"4":1,"5":1,"6":1,"7":1,"8":1,"9":0,"10":0,"11":0,"12":0,"13":0,"14":0,"15":0,"16":0,"17":1,"18":1,"19":0,"20":0,"21":0,"22":0,"23":0,"24":1,"25":0,"26":1,"27":0,"28":1,"29":0,"30":0,"31":0,"32":0,"33":0,"34":0,"35":0,"36":0,"37":0,"38":0,"39":1},"b":{"1":[0,0],"2":[0,0]},"f":{"1":0,"2":0,"3":0,"4":0,"5":0,"6":0},"fnMap":{"1":{"name":"CLHost","line":42,"loc":{"start":{"line":42,"column":0},"end":{"line":42,"column":25}}},"2":{"name":"(anonymous_2)","line":72,"loc":{"start":{"line":72,"column":13},"end":{"line":72,"column":25}}},"3":{"name":"(anonymous_3)","line":85,"loc":{"start":{"line":85,"column":13},"end":{"line":85,"column":25}}},"4":{"name":"(anonymous_4)","line":93,"loc":{"start":{"line":93,"column":19},"end":{"line":93,"column":31}}},"5":{"name":"(anonymous_5)","line":99,"loc":{"start":{"line":99,"column":19},"end":{"line":99,"column":31}}},"6":{"name":"(anonymous_6)","line":110,"loc":{"start":{"line":110,"column":32},"end":{"line":110,"column":44}}}},"statementMap":{"1":{"start":{"line":28,"column":0},"end":{"line":28,"column":26}},"2":{"start":{"line":29,"column":0},"end":{"line":29,"column":29}},"3":{"start":{"line":30,"column":0},"end":{"line":30,"column":29}},"4":{"start":{"line":31,"column":0},"end":{"line":31,"column":41}},"5":{"start":{"line":32,"column":0},"end":{"line":32,"column":35}},"6":{"start":{"line":33,"column":0},"end":{"line":33,"column":23}},"7":{"start":{"line":34,"column":0},"end":{"line":34,"column":31}},"8":{"start":{"line":42,"column":0},"end":{"line":61,"column":1}},"9":{"start":{"line":43,"column":4},"end":{"line":43,"column":119}},"10":{"start":{"line":47,"column":4},"end":{"line":47,"column":27}},"11":{"start":{"line":51,"column":4},"end":{"line":51,"column":19}},"12":{"start":{"line":52,"column":4},"end":{"line":60,"column":5}},"13":{"start":{"line":53,"column":8},"end":{"line":53,"column":29}},"14":{"start":{"line":55,"column":9},"end":{"line":60,"column":5}},"15":{"start":{"line":56,"column":8},"end":{"line":56,"column":29}},"16":{"start":{"line":59,"column":8},"end":{"line":59,"column":55}},"17":{"start":{"line":65,"column":0},"end":{"line":68,"column":2}},"18":{"start":{"line":70,"column":0},"end":{"line":89,"column":3}},"19":{"start":{"line":73,"column":12},"end":{"line":73,"column":40}},"20":{"start":{"line":76,"column":12},"end":{"line":76,"column":69}},"21":{"start":{"line":78,"column":12},"end":{"line":78,"column":36}},"22":{"start":{"line":79,"column":12},"end":{"line":79,"column":23}},"23":{"start":{"line":86,"column":12},"end":{"line":86,"column":49}},"24":{"start":{"line":93,"column":0},"end":{"line":95,"column":2}},"25":{"start":{"line":94,"column":4},"end":{"line":94,"column":53}},"26":{"start":{"line":99,"column":0},"end":{"line":101,"column":2}},"27":{"start":{"line":100,"column":4},"end":{"line":100,"column":53}},"28":{"start":{"line":110,"column":0},"end":{"line":125,"column":2}},"29":{"start":{"line":111,"column":4},"end":{"line":111,"column":10}},"30":{"start":{"line":112,"column":4},"end":{"line":112,"column":38}},"31":{"start":{"line":113,"column":4},"end":{"line":113,"column":31}},"32":{"start":{"line":114,"column":4},"end":{"line":114,"column":65}},"33":{"start":{"line":117,"column":4},"end":{"line":117,"column":85}},"34":{"start":{"line":119,"column":4},"end":{"line":119,"column":28}},"35":{"start":{"line":120,"column":4},"end":{"line":120,"column":23}},"36":{"start":{"line":121,"column":4},"end":{"line":123,"column":5}},"37":{"start":{"line":122,"column":8},"end":{"line":122,"column":67}},"38":{"start":{"line":124,"column":4},"end":{"line":124,"column":21}},"39":{"start":{"line":127,"column":0},"end":{"line":127,"column":24}}},"branchMap":{"1":{"line":52,"type":"if","locations":[{"start":{"line":52,"column":4},"end":{"line":52,"column":4}},{"start":{"line":52,"column":4},"end":{"line":52,"column":4}}]},"2":{"line":55,"type":"if","locations":[{"start":{"line":55,"column":9},"end":{"line":55,"column":9}},{"start":{"line":55,"column":9},"end":{"line":55,"column":9}}]}},"code":["/*","License: [MIT](../LICENSE)","","Copyright (c) 2014 Gábor Mező aka [unbornchikken](https://github.com/unbornchikken)","*/","","/*","# CLHost class","","This is the entry point of interacting OpenCL runtime in NOOOCL.","","**base:** Object","","**Properties:**","- [supportedVersions (static)](#supportedversions)","- [version](#version)","- [cl](#cl)","- [platformsCount](#platformscount)","","**Methods:**","- [constructor](#constructor)","- [createV11 (static)](#createv11)","- [createV12 (static)](#createv12)","- [getPlatforms](#getplatforms)","*/","","\"use strict\";","var _ = require(\"lodash\");","var CL11 = require(\"./cl11\");","var CL12 = require(\"./cl12\");","var CLPlatform = require(\"./clPlatform\");","var fastcall = require(\"fastcall\");","var ref = fastcall.ref;","var assert = require(\"assert\");","","/*","## constructor","","**arguments:**","- **version:** version of the OpenCL runtime, can be number value of 1.1 or 1.2.","*/","function CLHost(version) {","    assert(_.includes(_.values(CLHost.supportedVersions), version), \"Argument 'version' is invalid or not supported.\");","","    // ## version","    // version of the OpenCL runtime, can be number value of 1.1 or 1.2.","    this.version = version;","","    // ## cl","    // instance of the [CL11](cl11.html) or [CL12](cl12.html) class, depending the version of the OpenCL runtime.","    this.cl = null;","    if (version === CLHost.supportedVersions.cl11) {","        this.cl = new CL11();","    }","    else if (version === CLHost.supportedVersions.cl12) {","        this.cl = new CL12();","    }","    else {","        throw new Error(\"Unknown version: \" + version);","    }","}","","// ## supportedVersions","// Object defining the supported OpenCL runtime versions of the NOOOCL library","CLHost.supportedVersions = {","    cl11: 1.1,","    cl12: 1.2","};","","Object.defineProperties(CLHost.prototype, {","    _nPlatformsCount: {","        get: function () {","            var num = ref.alloc(\"uint\");","","            // _OpenCL API:_ [clGetPlatformIDs](https://www.khronos.org/registry/cl/sdk/1.1/docs/man/xhtml/clGetPlatformIDs.html)","            var err = this.cl.imports.clGetPlatformIDs(0, null, num);","","            this.cl.checkError(err);","            return num;","        }","    },","    // ## platformsCount","    // Number of OpenCL platforms available.","    platformsCount: {","        get: function () {","            return this._nPlatformsCount.deref();","        }","    }","});","","// ## createV11","// Creates a host instance for the OpenCL 1.1 runtime.","CLHost.createV11 = function () {","    return new CLHost(CLHost.supportedVersions.cl11);","};","","// ## createV12","// Creates a host instance for the OpenCL 1.2 runtime if it is supported by the actual hardware.","CLHost.createV12 = function () {","    return new CLHost(CLHost.supportedVersions.cl12);","};","","/* ## getPlatforms","Returns OpenCL platforms available.","","**Result:**","","Array of [CLPlatform](clPlatform.html) instances.","*/","CLHost.prototype.getPlatforms = function () {","    var i;","    var count = this._nPlatformsCount;","    var nCount = count.deref();","    var plaformIds = new (this.cl.types.PlatformIdArray)(nCount);","","    // _OpenCL API:_ [clGetPlatformIDs](https://www.khronos.org/registry/cl/sdk/1.1/docs/man/xhtml/clGetPlatformIDs.html)","    var err = this.cl.imports.clGetPlatformIDs(plaformIds.length, plaformIds, count);","","    this.cl.checkError(err);","    var platforms = [];","    for (i = 0; i < nCount; i++) {","        platforms.push(new CLPlatform(this.cl, plaformIds.get(i)));","    }","    return platforms;","};","","module.exports = CLHost;",""],"l":{"28":1,"29":1,"30":1,"31":1,"32":1,"33":1,"34":1,"42":1,"43":0,"47":0,"51":0,"52":0,"53":0,"55":0,"56":0,"59":0,"65":1,"70":1,"73":0,"76":0,"78":0,"79":0,"86":0,"93":1,"94":0,"99":1,"100":0,"110":1,"111":0,"112":0,"113":0,"114":0,"117":0,"119":0,"120":0,"121":0,"122":0,"124":0,"127":1}},"/home/travis/build/npmtest/node-npmtest-nooocl/node_modules/nooocl/lib/cl11.js":{"path":"/home/travis/build/npmtest/node-npmtest-nooocl/node_modules/nooocl/lib/cl11.js","s":{"1":1,"2":1,"3":1,"4":1,"5":1,"6":1,"7":1,"8":1,"9":0,"10":0,"11":0,"12":0,"13":0,"14":1,"15":1,"16":1,"17":0,"18":0,"19":0,"20":0,"21":0,"22":1},"b":{"1":[0,0],"2":[0,0],"3":[0,0],"4":[0,0],"5":[0,0]},"f":{"1":0,"2":0},"fnMap":{"1":{"name":"CL11","line":11,"loc":{"start":{"line":11,"column":0},"end":{"line":11,"column":16}}},"2":{"name":"(anonymous_2)","line":707,"loc":{"start":{"line":707,"column":28},"end":{"line":707,"column":43}}}},"statementMap":{"1":{"start":{"line":3,"column":0},"end":{"line":3,"column":26}},"2":{"start":{"line":4,"column":0},"end":{"line":4,"column":35}},"3":{"start":{"line":5,"column":0},"end":{"line":5,"column":23}},"4":{"start":{"line":6,"column":0},"end":{"line":6,"column":23}},"5":{"start":{"line":7,"column":0},"end":{"line":7,"column":31}},"6":{"start":{"line":8,"column":0},"end":{"line":8,"column":34}},"7":{"start":{"line":9,"column":0},"end":{"line":9,"column":35}},"8":{"start":{"line":11,"column":0},"end":{"line":701,"column":1}},"9":{"start":{"line":12,"column":4},"end":{"line":12,"column":23}},"10":{"start":{"line":13,"column":4},"end":{"line":13,"column":21}},"11":{"start":{"line":14,"column":4},"end":{"line":14,"column":23}},"12":{"start":{"line":15,"column":4},"end":{"line":15,"column":167}},"13":{"start":{"line":16,"column":4},"end":{"line":700,"column":11}},"14":{"start":{"line":703,"column":0},"end":{"line":703,"column":19}},"15":{"start":{"line":705,"column":0},"end":{"line":705,"column":17}},"16":{"start":{"line":707,"column":0},"end":{"line":716,"column":2}},"17":{"start":{"line":708,"column":4},"end":{"line":715,"column":5}},"18":{"start":{"line":709,"column":8},"end":{"line":711,"column":9}},"19":{"start":{"line":710,"column":12},"end":{"line":710,"column":30}},"20":{"start":{"line":712,"column":8},"end":{"line":714,"column":9}},"21":{"start":{"line":713,"column":12},"end":{"line":713,"column":35}},"22":{"start":{"line":718,"column":0},"end":{"line":718,"column":22}}},"branchMap":{"1":{"line":15,"type":"cond-expr","locations":[{"start":{"line":15,"column":52},"end":{"line":15,"column":60}},{"start":{"line":15,"column":63},"end":{"line":15,"column":166}}]},"2":{"line":15,"type":"cond-expr","locations":[{"start":{"line":15,"column":97},"end":{"line":15,"column":149}},{"start":{"line":15,"column":152},"end":{"line":15,"column":166}}]},"3":{"line":708,"type":"if","locations":[{"start":{"line":708,"column":4},"end":{"line":708,"column":4}},{"start":{"line":708,"column":4},"end":{"line":708,"column":4}}]},"4":{"line":709,"type":"if","locations":[{"start":{"line":709,"column":8},"end":{"line":709,"column":8}},{"start":{"line":709,"column":8},"end":{"line":709,"column":8}}]},"5":{"line":712,"type":"if","locations":[{"start":{"line":712,"column":8},"end":{"line":712,"column":8}},{"start":{"line":712,"column":8},"end":{"line":712,"column":8}}]}},"code":["\"use strict\";","","var _ = require(\"lodash\");","var fastcall = require(\"fastcall\");","var ref = fastcall.ref;","var ffi = fastcall.ffi;","var types = require(\"./types\");","var defs = require(\"./clDefines\");","var CLError = require(\"./clError\");","","function CL11() {","    this.types = types;","    this.defs = defs;","    this.version = 1.1;","    this.libName = (process.platform === \"win32\") ? \"OpenCL\" : (process.platform === \"darwin\") ? \"/System/Library/Frameworks/OpenCL.framework/OpenCL\" : \"libOpenCL.so\";","    this.imports = new ffi.Library(this.libName,","        {","            /* Platform APIs */","            //extern CL_API_ENTRY cl_int CL_API_CALL","            //clGetPlatformIDs(cl_uint          /* num_entries */,","            //                 cl_platform_id * /* platforms */,","            //                cl_uint *        /* num_platforms */) CL_API_SUFFIX__VERSION_1_0;","            clGetPlatformIDs: [ref.types.int, [ref.types.uint, types.PlatformIdArray, ref.refType(ref.types.uint)]],","","            //extern CL_API_ENTRY cl_int CL_API_CALL","            //clGetPlatformInfo(cl_platform_id   /* platform */,","            //                  cl_platform_info /* param_name */,","            //                  size_t           /* param_value_size */,","            //                  void *           /* param_value */,","            //                  size_t *         /* param_value_size_ret */) CL_API_SUFFIX__VERSION_1_0;","            clGetPlatformInfo: [ref.types.int, [types.PlatformId, types.PlatformInfo, ref.types.size_t, \"pointer\", ref.refType(ref.types.size_t)]],","","            /* Device APIs */","            //extern CL_API_ENTRY cl_int CL_API_CALL","            //clGetDeviceIDs(cl_platform_id   /* platform */,","            //               cl_device_type   /* device_type */,","            //               cl_uint          /* num_entries */,","            //               cl_device_id *   /* devices */,","            //               cl_uint *        /* num_devices */) CL_API_SUFFIX__VERSION_1_0;","            clGetDeviceIDs: [ref.types.int, [types.PlatformId, types.DeviceType, ref.types.uint, types.DeviceIdArray, ref.refType(ref.types.uint)]],","","            //extern CL_API_ENTRY cl_int CL_API_CALL","            //clGetDeviceInfo(cl_device_id    /* device */,","            //                cl_device_info  /* param_name */,","            //               size_t          /* param_value_size */,","            //               void *          /* param_value */,","            //               size_t *        /* param_value_size_ret */) CL_API_SUFFIX__VERSION_1_0;","            clGetDeviceInfo: [ref.types.int, [types.PlatformId, types.DeviceInfo, ref.types.size_t, \"pointer\", ref.refType(ref.types.size_t)]],","","            /* Context APIs  */","            //extern CL_API_ENTRY cl_context CL_API_CALL","            //clCreateContext(const cl_context_properties * /* properties */,","            //                cl_uint                 /* num_devices */,","            //                const cl_device_id *    /* devices */,","            //                void (CL_CALLBACK * /* pfn_notify */)(const char *, const void *, size_t, void *),","            //                void *                  /* user_data */,","            //                cl_int *                /* errcode_ret */) CL_API_SUFFIX__VERSION_1_0;","            clCreateContext: [\"pointer\", [types.ContextProperties, ref.types.uint, types.DeviceIdArray, ref.refType(types.CreateContextNotify), \"pointer\", types.ErrorCodeRet]],","","            //extern CL_API_ENTRY cl_context CL_API_CALL","            //clCreateContextFromType(const cl_context_properties * /* properties */,","            //                        cl_device_type          /* device_type */,","            //                        void (CL_CALLBACK *     /* pfn_notify*/ )(const char *, const void *, size_t, void *),","            //                        void *                  /* user_data */,","            //                        cl_int *                /* errcode_ret */) CL_API_SUFFIX__VERSION_1_0;","            clCreateContextFromType: [\"pointer\", [types.ContextProperties, types.DeviceType, ref.refType(types.CreateContextNotify), \"pointer\", types.ErrorCodeRet]],","","            //extern CL_API_ENTRY cl_int CL_API_CALL","            //clRetainContext(cl_context /* context */) CL_API_SUFFIX__VERSION_1_0;","            clRetainContext: [\"int\", [types.Context]],","","            //extern CL_API_ENTRY cl_int CL_API_CALL","            //clReleaseContext(cl_context /* context */) CL_API_SUFFIX__VERSION_1_0;","            clReleaseContext: [\"int\", [types.Context]],","","            //extern CL_API_ENTRY cl_int CL_API_CALL","            //clGetContextInfo(cl_context         /* context */,","            //                 cl_context_info    /* param_name */,","            //                 size_t             /* param_value_size */,","            //                 void *             /* param_value */,","            //                 size_t *           /* param_value_size_ret */) CL_API_SUFFIX__VERSION_1_0;","            clGetContextInfo: [\"int\", [types.Context, types.ContextInfo, \"size_t\", \"pointer\", ref.refType(\"size_t\")]],","","            /* Command Queue APIs */","            //extern CL_API_ENTRY cl_command_queue CL_API_CALL","            //clCreateCommandQueue(cl_context                     /* context */,","            //                     cl_device_id                   /* device */,","            //                     cl_command_queue_properties    /* properties */,","            //                     cl_int *                       /* errcode_ret */) CL_API_SUFFIX__VERSION_1_0;","            clCreateCommandQueue: [types.CommandQueue, [types.Context, types.DeviceId, types.CommandQueueProperties, ref.refType(\"int\")]],","","            //extern CL_API_ENTRY cl_int CL_API_CALL","            //clRetainCommandQueue(cl_command_queue /* command_queue */) CL_API_SUFFIX__VERSION_1_0;","            clRetainCommandQueue: [\"int\", [types.CommandQueue]],","","            //extern CL_API_ENTRY cl_int CL_API_CALL","            //clReleaseCommandQueue(cl_command_queue /* command_queue */) CL_API_SUFFIX__VERSION_1_0;","            clReleaseCommandQueue: [\"int\", [types.CommandQueue]],","","            //extern CL_API_ENTRY cl_int CL_API_CALL","            //clGetCommandQueueInfo(cl_command_queue      /* command_queue */,","            //                      cl_command_queue_info /* param_name */,","            //                      size_t                /* param_value_size */,","            //                      void *                /* param_value */,","            //                      size_t *              /* param_value_size_ret */) CL_API_SUFFIX__VERSION_1_0;","            clGetCommandQueueInfo: [\"int\", [types.CommandQueue, types.CommandQueueInfo, \"size_t\", \"pointer\", ref.refType(\"size_t\")]],","","            /* Memory Object APIs */","            //extern CL_API_ENTRY cl_mem CL_API_CALL","            //clCreateBuffer(cl_context   /* context */,","            //               cl_mem_flags /* flags */,","            //               size_t       /* size */,","            //               void *       /* host_ptr */,","            //               cl_int *     /* errcode_ret */) CL_API_SUFFIX__VERSION_1_0;","            clCreateBuffer: [types.Mem, [types.Context, types.MemFlags, \"size_t\", \"pointer\", ref.refType(\"int\")]],","","            //extern CL_API_ENTRY cl_int CL_API_CALL","            //clRetainMemObject(cl_mem /* memobj */) CL_API_SUFFIX__VERSION_1_0;","            clRetainMemObject: [\"int\", [types.Mem]],","","            //extern CL_API_ENTRY cl_int CL_API_CALL","            //clReleaseMemObject(cl_mem /* memobj */) CL_API_SUFFIX__VERSION_1_0;","            clReleaseMemObject: [\"int\", [types.Mem]],","","            //extern CL_API_ENTRY cl_int CL_API_CALL","            //clGetSupportedImageFormats(cl_context           /* context */,","            //                           cl_mem_flags         /* flags */,","            //                           cl_mem_object_type   /* image_type */,","            //                           cl_uint              /* num_entries */,","            //                           cl_image_format *    /* image_formats */,","            //                           cl_uint *            /* num_image_formats */) CL_API_SUFFIX__VERSION_1_0;","            clGetSupportedImageFormats: [\"int\", [types.Context, types.MemFlags, types.MemObjectType, \"uint\", types.ImageFormatArray, ref.refType(\"uint\")]],","","            //extern CL_API_ENTRY cl_int CL_API_CALL","            //clGetMemObjectInfo(cl_mem           /* memobj */,","            //                   cl_mem_info      /* param_name */,","            //                   size_t           /* param_value_size */,","            //                   void *           /* param_value */,","            //                   size_t *         /* param_value_size_ret */) CL_API_SUFFIX__VERSION_1_0;","            clGetMemObjectInfo: [\"int\", [types.Mem, types.MemInfo, \"size_t\", \"pointer\", ref.refType(\"size_t\")]],","","            //extern CL_API_ENTRY cl_int CL_API_CALL","            //clGetImageInfo(cl_mem           /* image */,","            //               cl_image_info    /* param_name */,","            //               size_t           /* param_value_size */,","            //               void *           /* param_value */,","            //               size_t *         /* param_value_size_ret */) CL_API_SUFFIX__VERSION_1_0;","            clGetImageInfo: [\"int\", [types.Mem, types.ImageInfo, \"size_t\", \"pointer\", ref.refType(\"size_t\")]],","","            /* Sampler APIs */","            //extern CL_API_ENTRY cl_sampler CL_API_CALL","            //clCreateSampler(cl_context          /* context */,","            //                cl_bool             /* normalized_coords */,","            //                cl_addressing_mode  /* addressing_mode */,","            //                cl_filter_mode      /* filter_mode */,","            //                cl_int *            /* errcode_ret */) CL_API_SUFFIX__VERSION_1_0;","            clCreateSampler: [types.Sampler, [types.Context, types.Bool, types.AddressingMode, types.FilterMode, ref.refType(\"int\")]],","","            //extern CL_API_ENTRY cl_int CL_API_CALL","            //clRetainSampler(cl_sampler /* sampler */) CL_API_SUFFIX__VERSION_1_0;","            clRetainSampler: [\"int\", [types.Sampler]],","","            //extern CL_API_ENTRY cl_int CL_API_CALL","            //clReleaseSampler(cl_sampler /* sampler */) CL_API_SUFFIX__VERSION_1_0;","            clReleaseSampler: [\"int\", [types.Sampler]],","","            //extern CL_API_ENTRY cl_int CL_API_CALL","            //clGetSamplerInfo(cl_sampler         /* sampler */,","            //                 cl_sampler_info    /* param_name */,","            //                 size_t             /* param_value_size */,","            //                 void *             /* param_value */,","            //                 size_t *           /* param_value_size_ret */) CL_API_SUFFIX__VERSION_1_0;","            clGetSamplerInfo: [\"int\", [types.Sampler, types.SamplerInfo, \"size_t\", \"pointer\", ref.refType(\"size_t\")]],","","            /* Program Object APIs  */","            //extern CL_API_ENTRY cl_program CL_API_CALL","            //clCreateProgramWithSource(cl_context        /* context */,","            //                          cl_uint           /* count */,","            //                          const char **     /* strings */,","            //                          const size_t *    /* lengths */,","            //                          cl_int *          /* errcode_ret */) CL_API_SUFFIX__VERSION_1_0;","            clCreateProgramWithSource: [types.Program, [types.Context, \"uint\", types.StringArray, types.SizeTArray, ref.refType(\"int\")]],","","            //extern CL_API_ENTRY cl_program CL_API_CALL","            //clCreateProgramWithBinary(cl_context                     /* context */,","            //                          cl_uint                        /* num_devices */,","            //                          const cl_device_id *           /* device_list */,","            //                          const size_t *                 /* lengths */,","            //                          const unsigned char **         /* binaries */,","            //                          cl_int *                       /* binary_status */,","            //                          cl_int *                       /* errcode_ret */) CL_API_SUFFIX__VERSION_1_0;","            clCreateProgramWithBinary: [types.Program, [types.Context, \"uint\", types.DeviceIdArray, types.SizeTArray, types.Binaries, ref.refType(\"int\"), ref.refType(\"int\")]],","","            //extern CL_API_ENTRY cl_int CL_API_CALL","            //clRetainProgram(cl_program /* program */) CL_API_SUFFIX__VERSION_1_0;","            clRetainProgram: [\"int\", [types.Program]],","","            //extern CL_API_ENTRY cl_int CL_API_CALL","            //clReleaseProgram(cl_program /* program */) CL_API_SUFFIX__VERSION_1_0;","            clReleaseProgram: [\"int\", [types.Program]],","","            //extern CL_API_ENTRY cl_int CL_API_CALL","            //clBuildProgram(cl_program           /* program */,","            //              cl_uint              /* num_devices */,","            //              const cl_device_id * /* device_list */,","            //              const char *         /* options */,","            //              void (CL_CALLBACK *  /* pfn_notify */)(cl_program /* program */, void * /* user_data */),","            //              void *               /* user_data */) CL_API_SUFFIX__VERSION_1_0;","            clBuildProgram: [\"int\", [types.Program, \"uint\", types.DeviceIdArray, \"string\", types.BuildProgramNotify, \"pointer\"]],","","            //extern CL_API_ENTRY cl_int CL_API_CALL","            //clGetProgramInfo(cl_program         /* program */,","            //                 cl_program_info    /* param_name */,","            //                 size_t             /* param_value_size */,","            //                 void *             /* param_value */,","            //                 size_t *           /* param_value_size_ret */) CL_API_SUFFIX__VERSION_1_0;","            clGetProgramInfo: [\"int\", [types.Program, types.ProgramInfo, \"size_t\", \"pointer\", ref.refType(\"size_t\")]],","","            //extern CL_API_ENTRY cl_int CL_API_CALL","            //clGetProgramBuildInfo(cl_program            /* program */,","            //                      cl_device_id          /* device */,","            //                      cl_program_build_info /* param_name */,","            //                      size_t                /* param_value_size */,","            //                      void *                /* param_value */,","            //                      size_t *              /* param_value_size_ret */) CL_API_SUFFIX__VERSION_1_0;","            clGetProgramBuildInfo: [\"int\", [types.Program, types.DeviceId, types.ProgramBuildInfo, \"size_t\", \"pointer\", ref.refType(\"size_t\")]],","","            /* Kernel Object APIs */","            //extern CL_API_ENTRY cl_kernel CL_API_CALL","            //clCreateKernel(cl_program      /* program */,","            //               const char *    /* kernel_name */,","            //               cl_int *        /* errcode_ret */) CL_API_SUFFIX__VERSION_1_0;","            clCreateKernel: [types.Kernel, [types.Program, \"string\", ref.refType(\"int\")]],","","            //extern CL_API_ENTRY cl_int CL_API_CALL","            //clCreateKernelsInProgram(cl_program     /* program */,","            //                         cl_uint        /* num_kernels */,","            //                         cl_kernel *    /* kernels */,","            //                         cl_uint *      /* num_kernels_ret */) CL_API_SUFFIX__VERSION_1_0;","            clCreateKernelsInProgram: [\"int\", [types.Program, \"uint\", types.KernelArray, ref.refType(\"uint\")]],","","            //extern CL_API_ENTRY cl_int CL_API_CALL","            //clRetainKernel(cl_kernel    /* kernel */) CL_API_SUFFIX__VERSION_1_0;","            clRetainKerne
[...]
                     this._set();","                    }","                }","            }","            else if (this.kind === kernelArgKind.localSize) {","                if (this._value !== to) {","                    this._value = to;","                    this._set();","                }","            }","            else { // kernelArgKind.value","                if (this._valueBuffer.deref() !== to) {","                    this._value = to;","                    ref.set(this._valueBuffer, 0, this._value);","                    this._set();","                }","            }","        }","    }","});","","module.exports = KernelArg;"],"l":{"3":1,"4":1,"5":1,"6":1,"8":1,"14":1,"15":0,"16":0,"17":0,"18":0,"19":0,"20":0,"21":0,"22":0,"24":0,"25":0,"26":0,"27":0,"28":0,"29":0,"32":0,"34":0,"35":0,"38":0,"39":0,"40":0,"41":0,"45":0,"46":0,"47":0,"48":0,"49":0,"50":0,"54":0,"57":1,"59":1,"62":0,"65":0,"66":0,"67":0,"68":0,"70":0,"71":0,"74":0,"75":0,"76":0,"77":0,"78":0,"82":0,"83":0,"84":0,"85":0,"89":0,"90":0,"91":0,"92":0,"99":1}},"/home/travis/build/npmtest/node-npmtest-nooocl/node_modules/nooocl/lib/clImage2D.js":{"path":"/home/travis/build/npmtest/node-npmtest-nooocl/node_modules/nooocl/lib/clImage2D.js","s":{"1":1,"2":1,"3":1,"4":1,"5":1,"6":0,"7":0,"8":0,"9":0,"10":0,"11":0,"12":0,"13":0,"14":1,"15":0,"16":0,"17":0,"18":0,"19":0,"20":0,"21":1,"22":0,"23":1,"24":0,"25":1,"26":0,"27":1,"28":1},"b":{"1":[0,0],"2":[0,0],"3":[0,0],"4":[0,0]},"f":{"1":0,"2":0,"3":0,"4":0,"5":0},"fnMap":{"1":{"name":"CLImage2D","line":7,"loc":{"start":{"line":7,"column":0},"end":{"line":7,"column":77}}},"2":{"name":"(anonymous_2)","line":20,"loc":{"start":{"line":20,"column":18},"end":{"line":20,"column":96}}},"3":{"name":"(anonymous_3)","line":31,"loc":{"start":{"line":31,"column":17},"end":{"line":31,"column":78}}},"4":{"name":"(anonymous_4)","line":35,"loc":{"start":{"line":35,"column":25},"end":{"line":35,"column":86}}},"5":{"name":"(anonymous_5)","line":39,"loc":{"start":{"line":39,"column":26},"end":{"line":39,"column":87}}}},"statementMap":{"1":{"start":{"line":2,"column":0},"end":{"line":2,"column":27}},"2":{"start":{"line":3,"column":0},"end":{"line":3,"column":35}},"3":{"start":{"line":4,"column":0},"end":{"line":4,"column":35}},"4":{"start":{"line":5,"column":0},"end":{"line":5,"column":37}},"5":{"start":{"line":7,"column":0},"end":{"line":18,"column":1}},"6":{"start":{"line":8,"column":4},"end":{"line":8,"column":43}},"7":{"start":{"line":9,"column":4},"end":{"line":9,"column":30}},"8":{"start":{"line":10,"column":4},"end":{"line":10,"column":29}},"9":{"start":{"line":11,"column":4},"end":{"line":11,"column":24}},"10":{"start":{"line":13,"column":4},"end":{"line":13,"column":27}},"11":{"start":{"line":14,"column":4},"end":{"line":14,"column":168}},"12":{"start":{"line":15,"column":4},"end":{"line":15,"column":23}},"13":{"start":{"line":17,"column":4},"end":{"line":17,"column":40}},"14":{"start":{"line":20,"column":0},"end":{"line":29,"column":2}},"15":{"start":{"line":21,"column":4},"end":{"line":21,"column":52}},"16":{"start":{"line":22,"column":4},"end":{"line":27,"column":5}},"17":{"start":{"line":23,"column":8},"end":{"line":23,"column":50}},"18":{"start":{"line":25,"column":9},"end":{"line":27,"column":5}},"19":{"start":{"line":26,"column":8},"end":{"line":26,"column":51}},"20":{"start":{"line":28,"column":4},"end":{"line":28,"column":113}},"21":{"start":{"line":31,"column":0},"end":{"line":33,"column":2}},"22":{"start":{"line":32,"column":4},"end":{"line":32,"column":84}},"23":{"start":{"line":35,"column":0},"end":{"line":37,"column":2}},"24":{"start":{"line":36,"column":4},"end":{"line":36,"column":90}},"25":{"start":{"line":39,"column":0},"end":{"line":41,"column":2}},"26":{"start":{"line":40,"column":4},"end":{"line":40,"column":91}},"27":{"start":{"line":43,"column":0},"end":{"line":43,"column":34}},"28":{"start":{"line":45,"column":0},"end":{"line":45,"column":27}}},"branchMap":{"1":{"line":9,"type":"binary-expr","locations":[{"start":{"line":9,"column":14},"end":{"line":9,"column":21}},{"start":{"line":9,"column":25},"end":{"line":9,"column":29}}]},"2":{"line":10,"type":"binary-expr","locations":[{"start":{"line":10,"column":15},"end":{"line":10,"column":23}},{"start":{"line":10,"column":27},"end":{"line":10,"column":28}}]},"3":{"line":22,"type":"if","locations":[{"start":{"line":22,"column":4},"end":{"line":22,"column":4}},{"start":{"line":22,"column":4},"end":{"line":22,"column":4}}]},"4":{"line":25,"type":"if","locations":[{"start":{"line":25,"column":9},"end":{"line":25,"column":9}},{"start":{"line":25,"column":9},"end":{"line":25,"column":9}}]}},"code":["\"use strict\";","var util = require(\"util\");","var CLImage = require(\"./clImage\");","var clUtils = require(\"./clUtils\");","var clPredef = require(\"./clPredef\");","","function CLImage2D(context, flags, format, width, height, hostPtr, rowPitch) {","    format = clUtils.asImageFormat(format);","    hostPtr = hostPtr || null;","    rowPitch = rowPitch || 0;","    var cl = context.cl;","","    var err = clPredef.err;","    var handle = cl.imports.clCreateImage2D(clUtils.toHandle(context, \"context\"), flags, format.ref(), width, height, rowPitch, clUtils.toPtr(hostPtr, \"hostPtr\"), err);","    cl.checkError(err);","","    CLImage.call(this, context, handle);","}","","CLImage2D._wrap = function (context, readOrWriteOnly, format, width, height, hostPtr, rowPitch) {","    var flags = context.cl.defs.CL_MEM_USE_HOST_PTR;","    if (readOrWriteOnly === \"readOnly\") {","        flags |= context.cl.defs.CL_MEM_READ_ONLY;","    }","    else if (readOrWriteOnly === \"writeOnly\") {","        flags |= context.cl.defs.CL_MEM_WRITE_ONLY;","    }","    return new CLImage2D(context, context.cl.defs.CL_MEM_USE_HOST_PTR, format, width, height, hostPtr, rowPitch);","};","","CLImage2D.wrap = function (context, format, width, height, hostPtr, rowPitch) {","    return CLImage2D._wrap(context, null, format, width, height, hostPtr, rowPitch);","};","","CLImage2D.wrapReadOnly = function (context, format, width, height, hostPtr, rowPitch) {","    return CLImage2D._wrap(context, \"readOnly\", format, width, height, hostPtr, rowPitch);","};","","CLImage2D.wrapWriteOnly = function (context, format, width, height, hostPtr, rowPitch) {","    return CLImage2D._wrap(context, \"writeOnly\", format, width, height, hostPtr, rowPitch);","};","","util.inherits(CLImage2D, CLImage);","","module.exports = CLImage2D;"],"l":{"2":1,"3":1,"4":1,"5":1,"7":1,"8":0,"9":0,"10":0,"11":0,"13":0,"14":0,"15":0,"17":0,"20":1,"21":0,"22":0,"23":0,"25":0,"26":0,"28":0,"31":1,"32":0,"35":1,"36":0,"39":1,"40":0,"43":1,"45":1}},"/home/travis/build/npmtest/node-npmtest-nooocl/node_modules/nooocl/lib/clImage.js":{"path":"/home/travis/build/npmtest/node-npmtest-nooocl/node_modules/nooocl/lib/clImage.js","s":{"1":1,"2":1,"3":1,"4":0,"5":1,"6":1,"7":0,"8":0,"9":0,"10":0,"11":0,"12":0,"13":0,"14":0,"15":0,"16":1},"b":{},"f":{"1":0,"2":0,"3":0,"4":0,"5":0,"6":0,"7":0,"8":0,"9":0,"10":0},"fnMap":{"1":{"name":"CLImage","line":6,"loc":{"start":{"line":6,"column":0},"end":{"line":6,"column":34}}},"2":{"name":"(anonymous_2)","line":15,"loc":{"start":{"line":15,"column":13},"end":{"line":15,"column":25}}},"3":{"name":"(anonymous_3)","line":24,"loc":{"start":{"line":24,"column":13},"end":{"line":24,"column":25}}},"4":{"name":"(anonymous_4)","line":30,"loc":{"start":{"line":30,"column":13},"end":{"line":30,"column":25}}},"5":{"name":"(anonymous_5)","line":40,"loc":{"start":{"line":40,"column":13},"end":{"line":40,"column":25}}},"6":{"name":"(anonymous_6)","line":46,"loc":{"start":{"line":46,"column":13},"end":{"line":46,"column":25}}},"7":{"name":"(anonymous_7)","line":52,"loc":{"start":{"line":52,"column":13},"end":{"line":52,"column":25}}},"8":{"name":"(anonymous_8)","line":62,"loc":{"start":{"line":62,"column":13},"end":{"line":62,"column":25}}},"9":{"name":"(anonymous_9)","line":68,"loc":{"start":{"line":68,"column":13},"end":{"line":68,"column":25}}},"10":{"name":"(anonymous_10)","line":74,"loc":{"start":{"line":74,"column":13},"end":{"line":74,"column":25}}}},"statementMap":{"1":{"start":{"line":3,"column":0},"end":{"line":3,"column":27}},"2":{"start":{"line":4,"column":0},"end":{"line":4,"column":37}},"3":{"start":{"line":6,"column":0},"end":{"line":8,"column":1}},"4":{"start":{"line":7,"column":4},"end":{"line":7,"column":41}},"5":{"start":{"line":10,"column":0},"end":{"line":10,"column":33}},"6":{"start":{"line":12,"column":0},"end":{"line":78,"column":3}},"7":{"start":{"line":16,"column":12},"end":{"line":16,"column":126}},"8":{"start":{"line":25,"column":12},"end":{"line":25,"column":115}},"9":{"start":{"line":31,"column":12},"end":{"line":31,"column":112}},"10":{"start":{"line":41,"column":12},"end":{"line":41,"column":114}},"11":{"start":{"line":47,"column":12},"end":{"line":47,"column":108}},"12":{"start":{"line":53,"column":12},"end":{"line":53,"column":109}},"13":{"start":{"line":63,"column":12},"end":{"line":63,"column":108}},"14":{"start":{"line":69,"column":12},"end":{"line":69,"column":112}},"15":{"start":{"line":75,"column":12},"end":{"line":75,"column":109}},"16":{"start":{"line":80,"column":0},"end":{"line":80,"column":25}}},"branchMap":{},"code":["\"use strict\";","","var util = require(\"util\");","var CLMemory = require(\"./clMemory\");","","function CLImage(context, handle) {","    CLMemory.call(this, context, handle);","}","","util.inherits(CLImage, CLMemory);","","Object.defineProperties(CLImage.prototype, {","    //!image format descriptor specified when image was created","    format: {","        get: function () {","            return this._getInfoWith(this.cl.imports.clGetImageInfo, this.cl.types.ImageFormat, this.cl.defs.CL_IMAGE_FORMAT);","        }","    },","    /**","     *    size of each element of the image memory object given by image. An","     *    element is made up of n channels. The value of n is given in cl_image_format descriptor.","     */","    elementSize: {","        get: function () {","            return this._getInfoWith(this.cl.imports.clGetImageInfo, \"size_t\", this.cl.defs.CL_IMAGE_ELEMENT_SIZE);","        }","    },","    //! size in bytes of a row of elements of the image object given by image","    rowPitch: {","        get: function () {","            return this._getInfoWith(this.cl.imports.clGetImageInfo, \"size_t\", this.cl.defs.CL_IMAGE_ROW_PITCH);","        }","    },","    /**","     *    size in bytes of a 2D slice for the 3D image object given by image.","     *","     *    For a 2D image object this value will be 0.","     */","    slicePitch: {","        get: function () {","            return this._getInfoWith(this.cl.imports.clGetImageInfo, \"size_t\", this.cl.defs.CL_IMAGE_SLICE_PITCH);","        }","    },","    //! width in pixels","    width: {","        get: function () {","            return this._getInfoWith(this.cl.imports.clGetImageInfo, \"size_t\", this.cl.defs.CL_IMAGE_WIDTH);","        }","    },","    //! height in pixels","    height: {","        get: function () {","            return this._getInfoWith(this.cl.imports.clGetImageInfo, \"size_t\", this.cl.defs.CL_IMAGE_HEIGHT);","        }","    },","    /**","     *    depth of the image in pixels","     *","     *    For a 2D image object, depth = 0","     */","    depth: {","        get: function () {","            return this._getInfoWith(this.cl.imports.clGetImageInfo, \"size_t\", this.cl.defs.CL_IMAGE_DEPTH);","        }","    },","    //! The target argument specified in CLImage2DGL, CLImage3DGL constructors","    textureTarget: {","        get: function () {","            return this._getInfoWith(this.cl.imports.clGetImageInfo, \"uint\", this.cl.defs.CL_GL_TEXTURE_TARGET);","        }","    },","    //! The miplevel argument specified in CLImage2DGL, CLImage3DGL constructors","    mipmapLevel: {","        get: function () {","            return this._getInfoWith(this.cl.imports.clGetImageInfo, \"int\", this.cl.defs.CL_GL_MIPMAP_LEVEL);","        }","    }","});","","module.exports = CLImage;"],"l":{"3":1,"4":1,"6":1,"7":0,"10":1,"12":1,"16":0,"25":0,"31":0,"41":0,"47":0,"53":0,"63":0,"69":0,"75":0,"80":1}},"/home/travis/build/npmtest/node-npmtest-nooocl/node_modules/nooocl/lib/clImage3D.js":{"path":"/home/travis/build/npmtest/node-npmtest-nooocl/node_modules/nooocl/lib/clImage3D.js","s":{"1":1,"2":1,"3":1,"4":1,"5":1,"6":0,"7":0,"8":0,"9":0,"10":0,"11":0,"12":0,"13":0,"14":0,"15":1,"16":1},"b":{"1":[0,0],"2":[0,0],"3":[0,0]},"f":{"1":0},"fnMap":{"1":{"name":"CLImage3D","line":8,"loc":{"start":{"line":8,"column":0},"end":{"line":8,"column":96}}}},"statementMap":{"1":{"start":{"line":3,"column":0},"end":{"line":3,"column":27}},"2":{"start":{"line":4,"column":0},"end":{"line":4,"column":35}},"3":{"start":{"line":5,"column":0},"end":{"line":5,"column":35}},"4":{"start":{"line":6,"column":0},"end":{"line":6,"column":37}},"5":{"start":{"line":8,"column":0},"end":{"line":20,"column":1}},"6":{"start":{"line":9,"column":4},"end":{"line":9,"column":43}},"7":{"start":{"line":10,"column":4},"end":{"line":10,"column":30}},"8":{"start":{"line":11,"column":4},"end":{"line":11,"column":29}},"9":{"start":{"line":12,"column":4},"end":{"line":12,"column":33}},"10":{"start":{"line":13,"column":4},"end":{"line":13,"column":24}},"11":{"start":{"line":15,"column":4},"end":{"line":15,"column":27}},"12":{"start":{"line":16,"column":4},"end":{"line":16,"column":187}},"13":{"start":{"line":17,"column":4},"end":{"line":17,"column":23}},"14":{"start":{"line":19,"column":4},"end":{"line":19,"column":40}},"15":{"start":{"line":22,"column":0},"end":{"line":22,"column":34}},"16":{"start":{"line":24,"column":0},"end":{"line":24,"column":27}}},"branchMap":{"1":{"line":10,"type":"binary-expr","locations":[{"start":{"line":10,"column":14},"end":{"line":10,"column":21}},{"start":{"line":10,"column":25},"end":{"line":10,"column":29}}]},"2":{"line":11,"type":"binary-expr","locations":[{"start":{"line":11,"column":15},"end":{"line":11,"column":23}},{"start":{"line":11,"column":27},"end":{"line":11,"column":28}}]},"3":{"line":12,"type":"binary-expr","locations":[{"start":{"line":12,"column":17},"end":{"line":12,"column":27}},{"start":{"line":12,"column":31},"end":{"line":12,"column":32}}]}},"code":["\"use strict\";","","var util = require(\"util\");","var CLImage = require(\"./clImage\");","var clUtils = require(\"./clUtils\");","var clPredef = require(\"./clPredef\");","","function CLImage3D(context, flags, format, width, height, depth, hostPtr, rowPitch, slicePitch) {","    format = clUtils.asImageFormat(format);","    hostPtr = hostPtr || null;","    rowPitch = rowPitch || 0;","    slicePitch = slicePitch || 0;","    var cl = context.cl;","","    var err = clPredef.err;","    var handle = cl.imports.clCreateImage3D(clUtils.toHandle(context, \"context\"), flags, format.ref(), width, height, depth, rowPitch, slicePitch, clUtils.toPtr(hostPtr, \"hostPtr\"), err);","    cl.checkError(err);","","    CLImage.call(this, context, handle);","}","","util.inherits(CLImage3D, CLImage);","","module.exports = CLImage3D;"],"l":{"3":1,"4":1,"5":1,"6":1,"8":1,"9":0,"10":0,"11":0,"12":0,"13":0,"15":0,"16":0,"17":0,"19":0,"22":1,"24":1}},"/home/travis/build/npmtest/node-npmtest-nooocl/node_modules/nooocl/lib/clSampler.js":{"path":"/home/travis/build/npmtest/node-npmtest-nooocl/node_modules/nooocl/lib/clSampler.js","s":{"1":1,"2":1,"3":1,"4":1,"5":1,"6":1,"7":0,"8":0,"9":1,"10":0,"11":0,"12":0,"13":0,"14":0,"15":0,"16":1,"17":1,"18":0,"19":0,"20":0,"21":0,"22":1},"b":{},"f":{"1":0,"2":0,"3":0,"4":0,"5":0,"6":0,"7":0},"fnMap":{"1":{"name":"createReleaseFunction","line":9,"loc":{"start":{"line":9,"column":0},"end":{"line":9,"column":43}}},"2":{"name":"(anonymous_2)","line":10,"loc":{"start":{"line":10,"column":38},"end":{"line":10,"column":50}}},"3":{"name":"CLSampler","line":23,"loc":{"start":{"line":23,"column":0},"end":{"line":23,"column":74}}},"4":{"name":"(anonymous_4)","line":36,"loc":{"start":{"line":36,"column":13},"end":{"line":36,"column":25}}},"5":{"name":"(anonymous_5)","line":41,"loc":{"start":{"line":41,"column":13},"end":{"line":41,"column":25}}},"6":{"name":"(anonymous_6)","line":47,"loc":{"start":{"line":47,"column":13},"end":{"line":47,"column":25}}},"7":{"name":"(anonymous_7)","line":53,"loc":{"start":{"line":53,"column":13},"end":{"line":53,"column":25}}}},"statementMap":{"1":{"start":{"line":3,"column":0},"end":{"line":3,"column":39}},"2":{"start":{"line":4,"column":0},"end":{"line":4,"column":27}},"3":{"start":{"line":5,"column":0},"end":{"line":5,"column":35}},"4":{"start":{"line":6,"column":0},"end":{"line":6,"column":23}},"5":{"start":{"line":7,"column":0},"end":{"line":7,"column":35}},"6":{"start":{"line":9,"column":0},"end":{"line":13,"column":1}},"7":{"start":{"line":10,"column":4},"end":{"line":12,"column":7}},"8":{"start":{"line":11,"column":8},"end":{"line":11,"column":44}},"9":{"start":{"line":23,"column":0},"end":{"line":30,"column":1}},"10":{"start":{"line":24,"column":4},"end":{"line":24,"column":24}},"11":{"start":{"line":25,"column":4},"end":{"line":25,"column":44}},"12":{"start":{"line":26,"column":4},"end":{"line":26,"column":133}},"13":{"start":{"line":27,"column":4},"end":{"line":27,"column":23}},"14":{"start":{"line":28,"column":4},"end":{"line":28,"column":72}},"15":{"start":{"line":29,"column":4},"end":{"line":29,"column":27}},"16":{"start":{"line":32,"column":0},"end":{"line":32,"column":36}},"17":{"start":{"line":34,"column":0},"end":{"line":57,"column":3}},"18":{"start":{"line":37,"column":12},"end":{"line":37,"column":38}},"19":{"start":{"line":42,"column":12},"end":{"line":42,"column":84}},"20":{"start":{"line":48,"column":12},"end":{"line":48,"column":104}},"21":{"start":{"line":54,"column":12},"end":{"line":54,"column":96}},"22":{"start":{"line":59,"column":0},"end":{"line":59,"column":27}}},"branchMap":{},"code":["\"use strict\";","","var CLWrapper = require(\"./clWrapper\");","var util = require(\"util\");","var fastcall = require(\"fastcall\");","var ref = fastcall.ref;","var clUtils = require(\"./clUtils\");","","function createReleaseFunction(cl, handle) {","    return CLWrapper._releaseFunction(function () {","        cl.imports.clReleaseSampler(handle);","    });","}","","/**"," *    creates a sampler object"," *"," *    Params:"," *        normalizedCoords= determines if the image coordinates specified are normalized"," *        addressingMode    = specifies how out-of-range image coordinates are handled when reading from an image"," *        filterMode        = specifies the type of filter that must be applied when reading an image"," */","function CLSampler(context, normalizedCoords, addressingMode, filterMode) {","    var cl = context.cl;","    var err = ref.alloc(cl.types.ErrorCode);","    var handle = cl.imports.clCreateSampler(clUtils.toHandle(context, \"context\"), normalizedCoords, addressingMode, filterMode, err);","    cl.checkError(err);","    CLWrapper.call(this, cl, handle, createReleaseFunction(cl, handle));","    this.context = context;","}","","util.inherits(CLSampler, CLWrapper);","","Object.defineProperties(CLSampler.prototype, {","    _classInfoFunction: {","        get: function () {","            return \"clGetSamplerInfo\";","        }","    },","    normalizedCoords: {","        get: function () {","            return this._getInfo(\"bool\", this.cl.defs.CL_SAMPLER_NORMALIZED_COORDS);","        }","    },","","    addressingMode: {","        get: function () {","            return this._getInfo(this.cl.types.AddressingMode, this.cl.defs.CL_SAMPLER_ADDRESSING_MODE);","        }","    },","","    filterMode: {","        get: function () {","            return this._getInfo(this.cl.types.FilterMode, this.cl.defs.CL_SAMPLER_FILTER_MODE);","        }","    }","});","","module.exports = CLSampler;"],"l":{"3":1,"4":1,"5":1,"6":1,"7":1,"9":1,"10":0,"11":0,"23":1,"24":0,"25":0,"26":0,"27":0,"28":0,"29":0,"32":1,"34":1,"37":0,"42":0,"48":0,"54":0,"59":1}}}